**************************************************
           Output from program MigEst
**************************************************


Input file: MigEst.in
Analysis conducted: 06/08/2018  at 39/45/03

Maximum Log Likelihood:     -2.111260E+02

Candidate parent sampling proportions: ML estimates
  Pop     Males   Females
    1    0.2481    0.3721
    2    0.0001    0.0001
    3    0.0001    0.0001
    4    0.0001    0.0001
    5    0.0001    0.0464
    6    0.0001    0.0001
    7    0.9751    0.0001
    8    0.2084    0.2084
    9    0.0001    0.0001
   10    0.0001    0.0001
   11    0.6566    0.0001
   12    0.2923    0.0585
   13    0.0001    0.0001
   14    0.0001    0.0001
   15    0.9629    0.0001
   16    0.9999    0.5000
   17    0.2390    0.2390

Immigration rates to pop I (Row) from pop J (Col): ML estimates
  Pop    Pop1    Pop2    Pop3    Pop4    Pop5    Pop6    Pop7    Pop8    Pop9   Pop10   Pop11   Pop12   Pop13   Pop14   Pop15   Pop16   Pop17   Ghost
    1  0.0001  0.0003  0.0002  0.0001  0.0002  0.0001  0.0001  0.5923  0.0002  0.0002  0.0000  0.0002  0.0002  0.0001  0.0001  0.0001  0.0002  0.4053
    2  0.0002  0.0001  0.0001  0.0002  0.0002  0.0001  0.0001  0.0002  0.0001  0.0001  0.0002  0.0002  0.0001  0.0002  0.0001  0.0001  0.0001  0.9976
    3  0.0002  0.0002  0.0001  0.0002  0.0002  0.0002  0.0001  0.0002  0.0002  0.0002  0.0001  0.0002  0.0001  0.0002  0.0002  0.0002  0.0002  0.9970
    4  0.0002  0.0002  0.0002  0.0001  0.0001  0.0001  0.0001  0.2249  0.0003  0.0001  0.0003  0.0002  0.0003  0.0002  0.0001  0.0001  0.2301  0.5424
    5  0.0001  0.0002  0.0002  0.0002  0.0001  0.0002  0.0001  0.0002  0.0001  0.0002  0.0001  0.7098  0.0002  0.0001  0.0001  0.0001  0.0001  0.2879
    6  0.0001  0.0001  0.0001  0.0002  0.0001  0.9968  0.0001  0.0001  0.0001  0.0002  0.0001  0.0001  0.0001  0.0001  0.0001  0.0001  0.0001  0.0014
    7  0.0002  0.0002  0.0008  0.0002  0.0002  0.0002  0.0374  0.2712  0.0002  0.0006  0.0002  0.0002  0.0002  0.0002  0.0002  0.0002  0.0002  0.6874
    8  0.0197  0.0002  0.0002  0.0001  0.0002  0.0002  0.0114  0.2918  0.0001  0.0002  0.0002  0.0802  0.0002  0.0002  0.0264  0.0130  0.0524  0.5033
    9  0.3375  0.0003  0.0001  0.0001  0.0001  0.0003  0.0001  0.0001  0.0001  0.0001  0.0001  0.0001  0.0001  0.0001  0.0001  0.0001  0.6535  0.0071
   10  0.2085  0.0001  0.0002  0.0001  0.0001  0.0001  0.0001  0.2442  0.0002  0.0001  0.0001  0.8199  0.0001  0.0002  0.0001  0.0001  0.0000  0.0000
   11  0.0001  0.0002  0.0003  0.0002  0.0002  0.0002  0.0001  0.5877  0.0001  0.0002  0.1157  0.0002  0.0002  0.0002  0.0001  0.0001  0.0002  0.2940
   12  0.0000  0.0004  0.0001  0.0001  0.0002  0.0002  0.0001  0.0001  0.0001  0.0002  0.0001  0.0002  0.0002  0.0002  0.0400  0.0001  0.0001  0.9576
   13  0.0002  0.0002  0.0002  0.0001  0.0002  0.0002  0.0001  0.0002  0.0002  0.0002  0.0002  0.0002  0.0001  0.0002  0.0002  0.0002  0.0001  0.9970
   14  0.0001  0.0001  0.0001  0.0001  0.0002  0.0002  0.0001  0.0002  0.0002  0.0002  0.0001  0.0002  0.0002  0.0001  0.0001  0.0001  0.0001  0.9976
   15  0.0002  0.0002  0.0002  0.0001  0.0002  0.0002  0.0001  0.0002  0.0002  0.0001  0.0002  0.0002  0.0002  0.0002  0.0001  0.0001  0.0002  0.9971
   16  0.0002  0.0002  0.0002  0.1082  0.0002  0.0002  0.0001  0.2665  0.0002  0.0002  0.0002  0.0002  0.0002  0.0002  0.0002  0.0728  0.0002  0.5498
   17  0.0001  0.0002  0.0002  0.0003  0.3538  0.0001  0.0001  0.2559  0.0002  0.0002  0.0001  0.0002  0.0032  0.0001  0.0001  0.0001  0.1156  0.2695

Candidate parent sampling proportions: lower (L) and upper (U) bounds of CI95
  Pop    CI_L(Male)    CI_U(Male)  CI_L(Female)  CI_U(Female)
    1        0.0656        0.7596        0.0983        0.5203
    2        0.0001        1.0000        0.0001        1.0000
    3        0.0001        1.0000        0.0001        0.4247
    4        0.0001        1.0000        0.0001        0.8819
    5        0.0001        0.6171        0.0156        0.6949
    6        0.0001        1.0000        0.0001        0.7082
    7        0.5045        1.0000        0.0001        0.6909
    8        0.0797        0.8235        0.1020        0.7902
    9        0.0001        1.0000        0.0001        1.0000
   10        0.0001        1.0000        0.0001        1.0000
   11        0.1734        1.0000        0.0001        0.3540
   12        0.1380        0.6461        0.0001        0.5563
   13        0.0001        1.0000        0.0001        1.0000
   14        0.0001        0.4377        0.0001        0.6352
   15        0.2790        1.0000        0.0001        0.5016
   16        0.5451        1.0000        0.1320        0.9774
   17        0.1626        0.4398        0.1021        0.6196

Immigration rates to pop I (Row) from pop J (Col): lower (L) and upper (U) bounds of CI95

 PopI     CI_L(J=1)     CI_U(J=1)     CI_L(J=2)     CI_U(J=2)     CI_L(J=3)     CI_U(J=3)     CI_L(J=4)     CI_U(J=4)     CI_L(J=5)     CI_U(J=5)     CI_L(J=6)     CI_U(J=6)     CI_L(J=7)     CI_U(J=7)     CI_L(J=8)     CI_U(J=8)     CI_L(J=9)     CI_U(J=9)    CI_L(J=10)    CI_U(J=10)    CI_L(J=11)    CI_U(J=11)    CI_L(J=12)    CI_U(J=12)    CI_L(J=13)    CI_U(J=13)    CI_L(J=14)    CI_U(J=14)    CI_L(J=15)    CI_U(J=15)    CI_L(J=16)    CI_U(J=16)    CI_L(J=17)    CI_U(J=17)
    1        0.0001        0.5710        0.0002        0.4992        0.0001        0.6826        0.0001        0.4713        0.0001        0.6857        0.0001        0.6899        0.0001        0.8076        0.1835        0.9982        0.0002        0.8076        0.0001        0.6892        0.0001        0.6104        0.0001        0.6104        0.0001        0.4714        0.0001        0.6898        0.0001        0.6894        0.0001        0.8072        0.0002        0.6792
    2        0.0001        0.9982        0.0001        0.9982        0.0001        0.9982        0.0002        0.9982        0.0001        0.1115        0.0001        0.9982        0.0001        0.9982        0.0001        0.9982        0.0001        0.9982        0.0001        0.9982        0.0001        0.9982        0.0001        0.9982        0.0001        0.8076        0.0002        0.9982        0.0001        0.4993        0.0001        0.8566        0.0001        0.5481
    3        0.0002        0.9982        0.0002        0.9982        0.0001        0.9982        0.0001        0.9982        0.0001        0.9982        0.0001        0.9982        0.0001        0.9982        0.0001        0.4279        0.0002        0.9982        0.0001        0.9982        0.0001        0.9982        0.0002        0.9982        0.0001        0.9982        0.0001        0.5036        0.0001        0.9982        0.0001        0.9982        0.0002        0.3086
    4        0.0001        0.2644        0.0002        0.5230        0.0001        0.8051        0.0001        0.6579        0.0001        0.5720        0.0001        0.8182        0.0001        0.6620        0.1124        0.9069        0.0002        0.3365        0.0001        0.7348        0.0001        0.3093        0.0002        0.4713        0.0001        0.4931        0.0001        0.6923        0.0001        0.6170        0.0001        0.8806        0.0983        0.7610
    5        0.0001        0.8132        0.0002        0.9982        0.0001        0.6897        0.0002        0.4262        0.0001        0.7070        0.0002        0.4092        0.0001        0.6882        0.0001        0.4993        0.0001        0.7798        0.0001        0.5720        0.0001        0.5888        0.1799        0.9462        0.0001        0.5017        0.0001        0.5745        0.0001        0.6610        0.0001        0.8091        0.0001        0.8035
    6        0.0001        0.9982        0.0001        0.9982        0.0001        0.9982        0.0002        0.9982        0.0001        0.3084        0.0001        0.9982        0.0001        0.9982        0.0001        0.7076        0.0001        0.8051        0.0001        0.9982        0.0001        0.9982        0.0001        0.9982        0.0001        0.9982        0.0001        0.9982        0.0001        0.9982        0.0001        0.1907        0.0001        0.9982
    7        0.0002        0.4967        0.0002        0.4279        0.0001        0.6141        0.0002        0.7070        0.0002        0.4092        0.0002        0.6898        0.0214        0.8084        0.0838        0.4833        0.0002        0.5035        0.0001        0.5716        0.0001        0.6898        0.0001        0.6104        0.0001        0.5508        0.0002        0.8072        0.0001        0.1908        0.0002        0.4992        0.0002        0.4716
    8        0.0099        0.5129        0.0002        0.5268        0.0001        0.5029        0.0001        0.5654        0.0001        0.6899        0.0001        0.6660        0.0014        0.2283        0.0895        0.4189        0.0001        0.8012        0.0001        0.7114        0.0001        0.5295        0.0235        0.6476        0.0001        0.6879        0.0001        0.6898        0.0017        0.6270        0.0066        0.7382        0.0095        0.3447
    9        0.1442        0.5417        0.0002        0.5271        0.0001        0.6907        0.0001        0.5891        0.0001        0.4262        0.0002        0.3083        0.0001        0.6060        0.0001        0.2079        0.0001        0.6963        0.0001        0.8076        0.0001        0.3813        0.0001        0.5384        0.0001        0.6620        0.0001        0.2900        0.0001        0.5764        0.0001        0.6898        0.1249        0.8510
   10        0.1441        0.5506        0.0001        0.4263        0.0001        0.4136        0.0001        0.4263        0.0001        0.2913        0.0001        0.4994        0.0001        0.5720        0.1509        0.6633        0.0002        0.7348        0.0001        0.6023        0.0001        0.3813        0.2219        0.8670        0.0001        0.2628        0.0002        0.3086        0.0001        0.4263        0.0001        0.4713        0.0000        0.6236
   11        0.0001        0.4994        0.0002        0.4994        0.0001        0.4398        0.0001        0.6898        0.0001        0.4992        0.0001        0.6620        0.0001        0.7995        0.1879        0.8001        0.0001        0.6898        0.0001        0.8076        0.0001        0.5569        0.0001        0.4992        0.0001        0.4714        0.0001        0.8076        0.0001        0.7626        0.0001        0.6797        0.0002        0.8339
   12        0.0000        0.8076        0.0002        0.5271        0.0001        0.3085        0.0001        0.7348        0.0002        0.6595        0.0002        0.5720        0.0001        0.9982        0.0001        0.8354        0.0001        0.5032        0.0001        0.5270        0.0001        0.4992        0.0001        0.6727        0.0002        0.3364        0.0001        0.6792        0.0076        0.9982        0.0001        0.4542        0.0001        0.7494
   13        0.0002        0.9982        0.0002        0.9982        0.0001        0.9982        0.0001        0.9982        0.0001        0.9982        0.0001        0.9982        0.0001        0.6879        0.0001        0.9982        0.0002        0.9982        0.0001        0.9982        0.0001        0.9982        0.0001        0.9982        0.0001        0.9982        0.0001        0.9982        0.0001        0.9982        0.0002        0.9982        0.0001        0.9982
   14        0.0001        0.5719        0.0001        0.9982        0.0001        0.9982        0.0001        0.9982        0.0001        0.9982        0.0001        0.9982        0.0001        0.8207        0.0001        0.9982        0.0002        0.9982        0.0002        0.9982        0.0001        0.9982        0.0002        0.9982        0.0001        0.5720        0.0001        0.9982        0.0001        0.9982        0.0001        0.9982        0.0001        0.3060
   15        0.0002        0.4994        0.0002        0.9982        0.0002        0.9982        0.0001        0.9982        0.0002        0.9982        0.0002        0.9982        0.0001        0.9982        0.0001        0.4992        0.0002        0.9982        0.0001        0.9982        0.0001        0.3127        0.0001        0.9982        0.0002        0.8076        0.0001        0.9982        0.0001        0.9982        0.0001        0.9982        0.0002        0.9982
   16        0.0002        0.4992        0.0002        0.7174        0.0001        0.8072        0.0001        0.3846        0.0001        0.8088        0.0001        0.5720        0.0001        0.6108        0.1446        0.8051        0.0002        0.6898        0.0001        0.7070        0.0001        0.2080        0.0001        0.8055        0.0001        0.7201        0.0001        0.5098        0.0001        0.4264        0.0087        0.5354        0.0002        0.8763
   17        0.0001        0.5720        0.0002        0.8910        0.0001        0.6782        0.0001        0.4952        0.1207        0.9516        0.0001        0.8076        0.0001        0.7332        0.2069        0.9106        0.0002        0.5270        0.0001        0.7338        0.0001        0.5720        0.0001        0.4977        0.0001        0.5001        0.0001        0.8182        0.0001        0.5729        0.0001        0.3713        0.0257        0.7205
