**************************************************
           Output from program MigEst
**************************************************


Input file: MigEst.in
Analysis conducted: 13/06/2019  at 02/20/02

Maximum Log Likelihood:     -9.906191E+00

Candidate parent sampling proportions: ML estimates
  Pop     Males   Females
    1    0.0001    0.0001
    2    0.0001    0.0001
    3    0.9956    0.0001
    4    0.0001    0.0001
    5    0.0001    0.0001
    6    0.9999    0.9999
    7    0.0001    0.0001
    8    0.0001    0.0001
    9    0.0001    0.1250

Immigration rates to pop I (Row) from pop J (Col): ML estimates
  Pop    Pop1    Pop2    Pop3    Pop4    Pop5    Pop6    Pop7    Pop8    Pop9   Ghost
    1  0.0001  0.0001  0.0001  0.0001  0.0002  0.0001  0.0001  0.0001  0.0001  0.9990
    2  0.0001  0.0001  0.0001  0.0002  0.0001  0.0001  0.0001  0.0001  0.0001  0.9990
    3  0.0001  0.0001  0.0001  0.0001  0.0002  0.0001  0.0001  0.0001  0.0001  0.9990
    4  0.0001  0.0002  0.0001  0.0001  0.0001  0.0001  0.0001  0.0001  0.0001  0.9990
    5  0.0000  0.0001  0.0001  0.0001  0.0001  0.1111  0.0001  0.0001  0.8883  0.0000
    6  0.0001  0.0001  0.0001  0.0001  0.0001  0.0001  0.0001  0.0002  0.0001  0.9990
    7  0.0001  0.0001  0.0001  0.0001  0.0001  0.0001  0.0001  0.0002  0.0001  0.9990
    8  0.0001  0.0001  0.0001  0.0001  0.0002  0.0001  0.0001  0.0001  0.0001  0.9990
    9  0.0001  0.0001  0.0625  0.0001  0.0002  0.0001  0.0001  0.0001  0.0001  0.9366

Candidate parent sampling proportions: lower (L) and upper (U) bounds of CI95
  Pop    CI_L(Male)    CI_U(Male)  CI_L(Female)  CI_U(Female)
    1        0.0001        1.0000        0.0001        1.0000
    2        0.0001        1.0000        0.0001        1.0000
    3        0.1799        1.0000        0.0001        0.8622
    4        0.0001        1.0000        0.0001        1.0000
    5        0.0001        1.0000        0.0001        1.0000
    6        0.1377        1.0000        0.1363        1.0000
    7        0.0001        1.0000        0.0001        1.0000
    8        0.0001        1.0000        0.0001        1.0000
    9        0.0001        0.8613        0.0066        1.0000

Immigration rates to pop I (Row) from pop J (Col): lower (L) and upper (U) bounds of CI95

 PopI     CI_L(J=1)     CI_U(J=1)     CI_L(J=2)     CI_U(J=2)     CI_L(J=3)     CI_U(J=3)     CI_L(J=4)     CI_U(J=4)     CI_L(J=5)     CI_U(J=5)     CI_L(J=6)     CI_U(J=6)     CI_L(J=7)     CI_U(J=7)     CI_L(J=8)     CI_U(J=8)     CI_L(J=9)     CI_U(J=9)
    1        0.0001        0.6797        0.0001        0.7078        0.0001        0.6969        0.0001        0.6903        0.0001        0.7016        0.0001        0.3901        0.0001        0.9990        0.0001        0.9990        0.0001        0.9990
    2        0.0001        0.6903        0.0001        0.6666        0.0001        0.4996        0.0001        0.6478        0.0001        0.5446        0.0001        0.8634        0.0001        0.9990        0.0001        0.9990        0.0001        0.9990
    3        0.0001        0.3388        0.0001        0.3088        0.0001        0.8883        0.0001        0.3088        0.0001        0.1904        0.0001        0.1362        0.0001        0.9990        0.0001        0.9990        0.0001        0.9990
    4        0.0001        0.5036        0.0001        0.4546        0.0001        0.3103        0.0001        0.6903        0.0001        0.4995        0.0001        0.1874        0.0001        0.9990        0.0001        0.9990        0.0001        0.9990
    5        0.0001        0.4995        0.0001        0.4957        0.0001        0.6913        0.0001        0.6903        0.0001        0.9524        0.0062        0.4088        0.0001        0.9261        0.0001        0.3063        0.4428        0.9213
    6        0.0001        0.7075        0.0001        0.4267        0.0001        0.9433        0.0001        0.4996        0.0001        0.1008        0.0001        0.4489        0.0001        0.9990        0.0001        0.9990        0.0001        0.9990
    7        0.0001        0.8081        0.0001        0.1934        0.0001        0.4267        0.0001        0.5962        0.0001        0.6900        0.0001        0.8639        0.0001        0.9990        0.0001        0.9990        0.0001        0.9990
    8        0.0001        0.4996        0.0001        0.8355        0.0001        0.9261        0.0001        0.6888        0.0001        0.4267        0.0001        0.8645        0.0001        0.9990        0.0001        0.9990        0.0001        0.9990
    9        0.0001        0.3086        0.0001        0.6907        0.0211        0.2153        0.0001        0.8017        0.0001        0.8083        0.0001        0.1170        0.0001        0.6903        0.0001        0.9540        0.0001        0.9691
