**************************************************
           Output from program MigEst
**************************************************


Input file: MigEst.in
Analysis conducted: 20/10/2018  at 32/28/09

Maximum Log Likelihood:     -1.752222E+02

Candidate parent sampling proportions: ML estimates
  Pop     Males   Females
    1    0.2144    0.3216
    2    0.0001    0.0001
    3    0.0001    0.0001
    4    0.0001    0.0001
    5    0.0001    0.9740
    6    0.0001    0.0001
    7    0.9086    0.0001
    8    0.2506    0.2506
    9    0.0001    0.0001
   10    0.0001    0.0001
   11    0.0358    0.0001
   12    0.7005    0.0001
   13    0.5189    0.1038
   14    0.0001    0.0001
   15    0.0001    0.0001
   16    0.1692    0.0001
   17    0.3237    0.1619

Immigration rates to pop I (Row) from pop J (Col): ML estimates
  Pop    Pop1    Pop2    Pop3    Pop4    Pop5    Pop6    Pop7    Pop8    Pop9   Pop10   Pop11   Pop12   Pop13   Pop14   Pop15   Pop16   Pop17   Ghost
    1  0.0001  0.0001  0.0002  0.0002  0.0001  0.0001  0.0001  0.6301  0.0002  0.0007  0.0003  0.0002  0.0002  0.0002  0.0002  0.0002  0.0002  0.3666
    2  0.0001  0.0001  0.0002  0.0004  0.0001  0.0001  0.0000  0.0001  0.0002  0.0001  0.0001  0.0001  0.0000  0.0001  0.0001  0.0001  0.0001  0.9980
    3  0.0001  0.0004  0.9968  0.0001  0.0001  0.0001  0.0001  0.0000  0.0001  0.0001  0.0001  0.0001  0.0001  0.0001  0.0001  0.0001  0.0001  0.0014
    4  0.0001  0.0001  0.0002  0.0002  0.0001  0.0001  0.0001  0.0955  0.0002  0.0002  0.0001  0.0001  0.0001  0.0002  0.0002  0.0002  0.0002  0.9021
    5  0.0002  0.0004  0.0001  0.0002  0.0001  0.0002  0.0000  0.0000  0.0002  0.0002  0.0002  0.0002  0.1608  0.0002  0.0003  0.0002  0.0002  0.8363
    6  0.0001  0.0004  0.0001  0.0001  0.0001  0.9968  0.0001  0.0001  0.0001  0.0001  0.0001  0.0001  0.0001  0.0001  0.0002  0.0001  0.0001  0.0012
    7  0.0002  0.0002  0.0002  0.0002  0.0002  0.0002  0.0769  0.1559  0.0002  0.0002  0.0003  0.0001  0.0002  0.0002  0.0003  0.0002  0.0002  0.7642
    8  0.0218  0.0002  0.0002  0.0007  0.0001  0.0003  0.0001  0.2713  0.0004  0.0002  0.3447  0.0001  0.0527  0.0001  0.0002  0.1633  0.0235  0.1200
    9  0.3214  0.0003  0.0001  0.0002  0.0001  0.0002  0.0001  0.0001  0.0001  0.0002  0.0002  0.0001  0.0001  0.0002  0.0002  0.0001  0.0001  0.6762
   10  0.4326  0.0003  0.0001  0.0001  0.0000  0.0001  0.0001  0.2135  0.0001  0.0001  0.0001  0.0001  0.4570  0.0002  0.0005  0.0000  0.0001  0.0000
   11  0.0007  0.0004  0.0002  0.0002  0.0001  0.0002  0.0001  0.0426  0.0002  0.0002  0.0001  0.0002  0.0002  0.0001  0.0001  0.0002  0.0001  0.9541
   12  0.0000  0.0004  0.0003  0.0002  0.0001  0.0002  0.0001  0.3407  0.0002  0.0001  0.0001  0.1190  0.0001  0.0001  0.0001  0.0002  0.0002  0.5379
   13  0.0002  0.0004  0.0002  0.0002  0.0002  0.0002  0.0002  0.0002  0.0002  0.0002  0.0001  0.0001  0.0001  0.0002  0.0002  0.1805  0.0002  0.8164
   14  0.0001  0.0003  0.0001  0.0002  0.0001  0.0002  0.0001  0.0001  0.0001  0.0001  0.0001  0.0001  0.0001  0.9968  0.0001  0.0001  0.0001  0.0012
   15  0.0001  0.0003  0.0002  0.0001  0.0001  0.0002  0.0001  0.0002  0.0001  0.0001  0.0001  0.0001  0.0001  0.0002  0.0001  0.0001  0.0000  0.9978
   16  0.0002  0.0004  0.0005  0.0002  0.0001  0.0002  0.0001  0.3137  0.0002  0.0001  0.0001  0.0001  0.0001  0.0001  0.0001  0.0001  0.3053  0.3784
   17  0.0000  0.0003  0.0002  0.0001  0.0165  0.0002  0.0001  0.2493  0.0002  0.0002  0.0001  0.0001  0.0000  0.0001  0.0002  0.0002  0.0001  0.7321

Candidate parent sampling proportions: lower (L) and upper (U) bounds of CI95
  Pop    CI_L(Male)    CI_U(Male)  CI_L(Female)  CI_U(Female)
    1        0.1513        0.9426        0.0996        0.8704
    2        0.0001        1.0000        0.0001        1.0000
    3        0.0001        1.0000        0.0001        1.0000
    4        0.0001        1.0000        0.0001        1.0000
    5        0.0001        0.8834        0.0001        1.0000
    6        0.0001        0.6153        0.0001        0.6966
    7        0.3376        1.0000        0.0001        0.7351
    8        0.1073        0.8777        0.0775        0.9035
    9        0.0001        1.0000        0.0001        1.0000
   10        0.0001        1.0000        0.0001        1.0000
   11        0.0001        0.5218        0.0001        0.7360
   12        0.1656        1.0000        0.0001        0.7780
   13        0.1672        0.7249        0.0721        0.7238
   14        0.0001        1.0000        0.0001        1.0000
   15        0.0001        1.0000        0.0001        1.0000
   16        0.1568        1.0000        0.0001        0.6459
   17        0.1494        1.0000        0.1149        1.0000

Immigration rates to pop I (Row) from pop J (Col): lower (L) and upper (U) bounds of CI95

 PopI     CI_L(J=1)     CI_U(J=1)     CI_L(J=2)     CI_U(J=2)     CI_L(J=3)     CI_U(J=3)     CI_L(J=4)     CI_U(J=4)     CI_L(J=5)     CI_U(J=5)     CI_L(J=6)     CI_U(J=6)     CI_L(J=7)     CI_U(J=7)     CI_L(J=8)     CI_U(J=8)     CI_L(J=9)     CI_U(J=9)    CI_L(J=10)    CI_U(J=10)    CI_L(J=11)    CI_U(J=11)    CI_L(J=12)    CI_U(J=12)    CI_L(J=13)    CI_U(J=13)    CI_L(J=14)    CI_U(J=14)    CI_L(J=15)    CI_U(J=15)    CI_L(J=16)    CI_U(J=16)    CI_L(J=17)    CI_U(J=17)
    1        0.0001        0.1114        0.0001        0.7176        0.0001        0.4264        0.0001        0.6898        0.0001        0.7520        0.0001        0.4729        0.0001        0.1195        0.1948        0.8035        0.0002        0.4992        0.0001        0.7800        0.0001        0.1802        0.0001        0.8012        0.0001        0.7914        0.0001        0.4882        0.0001        0.8077        0.0001        0.6924        0.0002        0.7627
    2        0.0001        0.9982        0.0001        0.9982        0.0001        0.9982        0.0001        0.9982        0.0001        0.9982        0.0001        0.9982        0.0001        0.9982        0.0001        0.9982        0.0002        0.9982        0.0001        0.9982        0.0001        0.9982        0.0001        0.9982        0.0000        0.9982        0.0001        0.9982        0.0001        0.9982        0.0001        0.9982        0.0001        0.9982
    3        0.0001        0.9982        0.0002        0.9982        0.0001        0.9982        0.0001        0.9982        0.0001        0.9982        0.0001        0.9982        0.0001        0.9982        0.0001        0.7898        0.0001        0.9982        0.0001        0.9982        0.0001        0.9982        0.0001        0.9982        0.0001        0.9982        0.0001        0.9982        0.0001        0.9982        0.0001        0.9982        0.0001        0.9982
    4        0.0001        0.5160        0.0001        0.5029        0.0001        0.4993        0.0002        0.7904        0.0001        0.6726        0.0001        0.9254        0.0001        0.9982        0.0476        0.7201        0.0002        0.9982        0.0001        0.9982        0.0001        0.9982        0.0001        0.1907        0.0001        0.6170        0.0001        0.9982        0.0001        0.7626        0.0001        0.9982        0.0001        0.4992
    5        0.0002        0.6898        0.0002        0.4987        0.0001        0.6938        0.0001        0.4196        0.0001        0.6895        0.0001        0.4992        0.0001        0.9229        0.0001        0.7347        0.0002        0.7348        0.0001        0.7454        0.0001        0.4992        0.0001        0.5720        0.0804        0.9982        0.0001        0.3818        0.0001        0.9982        0.0001        0.9982        0.0002        0.7904
    6        0.0001        0.9982        0.0002        0.9982        0.0001        0.9982        0.0001        0.9982        0.0001        0.9982        0.0001        0.9982        0.0001        0.9982        0.0001        0.5719        0.0001        0.9982        0.0001        0.9982        0.0001        0.9982        0.0001        0.9982        0.0001        0.9982        0.0001        0.9982        0.0001        0.9982        0.0001        0.9982        0.0001        0.9982
    7        0.0002        0.4260        0.0001        0.1893        0.0001        0.6898        0.0002        0.4289        0.0001        0.5033        0.0001        0.7070        0.0238        0.5791        0.1073        0.6437        0.0002        0.4264        0.0001        0.7338        0.0001        0.3087        0.0001        0.6610        0.0001        0.5270        0.0001        0.8977        0.0001        0.6792        0.0002        0.6166        0.0002        0.7522
    8        0.0068        0.3932        0.0001        0.6883        0.0001        0.4977        0.0001        0.2696        0.0001        0.7733        0.0001        0.4265        0.0001        0.8076        0.0839        0.3572        0.0002        0.5155        0.0001        0.6554        0.0001        0.7965        0.0001        0.8076        0.0266        0.7042        0.0001        0.7626        0.0001        0.6964        0.1157        0.7402        0.0075        0.5109
    9        0.0759        0.9982        0.0002        0.4992        0.0001        0.3365        0.0001        0.8076        0.0001        0.4992        0.0001        0.7626        0.0001        0.4991        0.0001        0.5332        0.0001        0.4957        0.0001        0.4994        0.0001        0.7134        0.0001        0.8066        0.0001        0.5720        0.0001        0.4992        0.0001        0.5386        0.0001        0.5163        0.0001        0.5441
   10        0.1384        0.7154        0.0002        0.3062        0.0001        0.4264        0.0001        0.3086        0.0001        0.2366        0.0001        0.7348        0.0001        0.6963        0.1077        0.6985        0.0001        0.5270        0.0001        0.6729        0.0001        0.4991        0.0001        0.6898        0.2570        0.8554        0.0001        0.3092        0.0001        0.6621        0.0001        0.6907        0.0001        0.5967
   11        0.0002        0.3097        0.0002        0.4265        0.0001        0.9982        0.0002        0.4280        0.0001        0.5163        0.0001        0.4967        0.0001        0.5720        0.0158        0.5210        0.0002        0.6620        0.0002        0.7348        0.0001        0.9982        0.0001        0.2640        0.0001        0.4643        0.0001        0.3085        0.0001        0.6899        0.0001        0.9982        0.0001        0.7344
   12        0.0000        0.6104        0.0002        0.4993        0.0001        0.1803        0.0001        0.8804        0.0001        0.3085        0.0001        0.4975        0.0001        0.7349        0.1551        0.8909        0.0002        0.4119        0.0001        0.8354        0.0001        0.7323        0.0228        0.5586        0.0001        0.6897        0.0001        0.6963        0.0001        0.7732        0.0001        0.8070        0.0002        0.6144
   13        0.0001        0.5270        0.0002        0.2359        0.0001        0.4264        0.0001        0.9982        0.0001        0.9982        0.0001        0.4992        0.0001        0.5033        0.0001        0.5786        0.0002        0.6616        0.0001        0.9982        0.0001        0.9982        0.0001        0.9982        0.0001        0.3813        0.0001        0.9982        0.0001        0.9982        0.0214        0.9982        0.0001        0.5998
   14        0.0001        0.9982        0.0002        0.9982        0.0001        0.9982        0.0001        0.9982        0.0001        0.9982        0.0001        0.9982        0.0001        0.9982        0.0001        0.9982        0.0001        0.9982        0.0001        0.9982        0.0001        0.9982        0.0001        0.9982        0.0001        0.9982        0.0001        0.9982        0.0001        0.9982        0.0001        0.5998        0.0001        0.6622
   15        0.0001        0.9982        0.0002        0.9982        0.0002        0.6898        0.0001        0.9982        0.0001        0.9982        0.0001        0.9982        0.0001        0.9982        0.0001        0.6660        0.0001        0.9982        0.0001        0.9982        0.0001        0.9982        0.0001        0.9982        0.0001        0.9982        0.0001        0.9982        0.0001        0.9982        0.0001        0.9982        0.0001        0.9982
   16        0.0002        0.4992        0.0002        0.4261        0.0001        0.4994        0.0001        0.4992        0.0001        0.4992        0.0001        0.7069        0.0001        0.8076        0.0599        0.6043        0.0002        0.4997        0.0001        0.6268        0.0001        0.1113        0.0001        0.3429        0.0001        0.3535        0.0001        0.8010        0.0001        0.6898        0.0001        0.4976        0.1162        0.7335
   17        0.0001        0.5416        0.0002        0.3399        0.0001        0.4264        0.0001        0.3085        0.0077        0.5073        0.0001        0.4998        0.0001        0.6170        0.0434        0.7668        0.0002        0.5232        0.0001        0.4999        0.0001        0.1733        0.0001        0.7348        0.0001        0.6104        0.0001        0.7915        0.0001        0.3192        0.0001        0.7363        0.0001        0.6923
