**************************************************
           Output from program MigEst
**************************************************


Input file: MigEst.in
Analysis conducted: 01/08/2018  at 33/30/20

Maximum Log Likelihood:     -2.261287E+01

Candidate parent sampling proportions: ML estimates
  Pop     Males   Females
    1    0.0001    0.0001
    2    0.9999    0.9999
    3    0.2497    0.2497
    4    0.0001    0.0843
    5    0.0001    0.0001
    6    0.0001    0.1262
    7    0.0001    0.0001
    8    0.0001    0.0001
    9    0.9317    0.0001

Immigration rates to pop I (Row) from pop J (Col): ML estimates
  Pop    Pop1    Pop2    Pop3    Pop4    Pop5    Pop6    Pop7    Pop8    Pop9   Ghost
    1  0.0001  0.0001  0.0001  0.0016  0.0001  0.0013  0.0001  0.0001  0.0004  0.9961
    2  0.0016  0.0001  0.0001  0.9917  0.0016  0.0001  0.0001  0.0000  0.0826  0.0000
    3  0.0001  0.0001  0.9999  0.0016  0.0001  0.0001  0.0017  0.0000  0.0001  0.0000
    4  0.0002  0.0001  0.0001  0.0001  0.0001  0.7905  0.0017  0.0001  0.0001  0.2070
    5  0.0001  0.0973  0.0001  0.0005  0.0001  0.0012  0.0017  0.0001  0.2218  0.6771
    6  0.0001  0.0001  0.0001  0.0001  0.0001  0.0001  0.0017  0.0016  0.0001  0.9960
    7  0.0016  0.0016  0.0012  0.0005  0.0016  0.0016  0.0001  0.0016  0.0001  0.9901
    8  0.0001  0.0001  0.0009  0.0005  0.0001  0.0001  0.0001  0.0001  0.0001  0.9979
    9  0.0016  0.0016  0.0001  0.0016  0.0016  0.0001  0.0001  0.0001  0.0001  0.9931

Candidate parent sampling proportions: lower (L) and upper (U) bounds of CI95
  Pop    CI_L(Male)    CI_U(Male)  CI_L(Female)  CI_U(Female)
    1        0.0001        1.0000        0.0001        1.0000
    2        0.1263        1.0000        0.1388        1.0000
    3        0.0153        0.9041        0.0149        0.9041
    4        0.0001        0.8647        0.0053        1.0000
    5        0.0001        1.0000        0.0001        1.0000
    6        0.0001        0.8647        0.0242        1.0000
    7        0.0001        1.0000        0.0001        1.0000
    8        0.0001        1.0000        0.0001        1.0000
    9        0.7033        1.0000        0.0001        0.4721

Immigration rates to pop I (Row) from pop J (Col): lower (L) and upper (U) bounds of CI95

 PopI     CI_L(J=1)     CI_U(J=1)     CI_L(J=2)     CI_U(J=2)     CI_L(J=3)     CI_U(J=3)     CI_L(J=4)     CI_U(J=4)     CI_L(J=5)     CI_U(J=5)     CI_L(J=6)     CI_U(J=6)     CI_L(J=7)     CI_U(J=7)     CI_L(J=8)     CI_U(J=8)     CI_L(J=9)     CI_U(J=9)
    1        0.0001        0.4282        0.0001        0.5446        0.0001        0.5461        0.0001        0.4904        0.0001        0.2639        0.0001        0.9990        0.0001        0.9990        0.0001        0.9990        0.0001        0.9990
    2        0.0001        0.3098        0.0001        0.6503        0.0001        0.5102        0.2342        0.9940        0.0001        0.3891        0.0001        0.5102        0.0001        0.5340        0.0001        0.4823        0.0047        0.9832
    3        0.0001        0.4996        0.0001        0.5127        0.1823        1.0000        0.0001        0.5731        0.0001        0.4268        0.0001        0.5831        0.0001        0.6908        0.0001        0.3031        0.0001        0.8789
    4        0.0001        0.6726        0.0001        0.4545        0.0001        0.5421        0.0001        0.7302        0.0001        0.3882        0.0585        0.9990        0.0001        0.5837        0.0001        0.6969        0.0001        0.9539
    5        0.0001        0.4889        0.0089        0.3791        0.0001        0.6412        0.0001        0.8974        0.0001        0.3432        0.0001        0.8811        0.0001        0.9369        0.0001        0.1912        0.0526        0.4620
    6        0.0001        0.2875        0.0001        0.1974        0.0001        0.5102        0.0001        0.6175        0.0001        0.8711        0.0001        0.9990        0.0001        0.9990        0.0001        0.9990        0.0001        0.9990
    7        0.0001        0.5004        0.0001        0.5452        0.0001        0.6907        0.0001        0.8149        0.0001        0.3098        0.0001        0.9990        0.0001        0.9990        0.0001        0.9990        0.0001        0.9990
    8        0.0001        0.1182        0.0001        0.5556        0.0001        0.8084        0.0001        0.5720        0.0001        0.8011        0.0001        0.9990        0.0001        0.9990        0.0001        0.9990        0.0001        0.9990
    9        0.0001        0.3336        0.0001        0.3104        0.0001        0.4267        0.0001        0.3376        0.0001        0.3326        0.0001        0.9990        0.0001        0.9990        0.0001        0.9990        0.0001        0.8123
