**************************************************
           Output from program MigEst
**************************************************


Input file: MigEst.in
Analysis conducted: 17/10/2018  at 35/41/22

Maximum Log Likelihood:     -1.437261E+01

Candidate parent sampling proportions: ML estimates
  Pop     Males   Females
    1    0.0001    0.0001
    2    0.0001    0.0001
    3    0.2493    0.2493
    4    0.0001    0.0908
    5    0.0001    0.0001
    6    0.9999    0.9999
    7    0.0001    0.1000
    8    0.0001    0.0001
    9    0.0001    0.0001

Immigration rates to pop I (Row) from pop J (Col): ML estimates
  Pop    Pop1    Pop2    Pop3    Pop4    Pop5    Pop6    Pop7    Pop8    Pop9   Ghost
    1  0.9872  0.0001  0.0001  0.0001  0.0015  0.0001  0.0001  0.0001  0.0017  0.0090
    2  0.0001  0.9872  0.0001  0.0001  0.0001  0.0001  0.0001  0.0001  0.0017  0.0104
    3  0.0016  0.0001  0.9999  0.0001  0.0016  0.0001  0.0001  0.0000  0.0001  0.0000
    4  0.0001  0.0001  0.0001  0.0001  0.0001  0.0001  0.9980  0.0001  0.0001  0.0012
    5  0.0016  0.0001  0.0016  0.0016  0.0001  0.0999  0.0016  0.0016  0.0017  0.8902
    6  0.0017  0.0001  0.0001  0.9998  0.0016  0.0001  0.0001  0.0016  0.0017  0.0000
    7  0.0016  0.0001  0.0001  0.0001  0.0016  0.0001  0.0001  0.0001  0.0001  0.9961
    8  0.0016  0.0001  0.0001  0.0001  0.0016  0.0001  0.0001  0.9872  0.0001  0.0090
    9  0.0001  0.0001  0.0001  0.0001  0.0016  0.0001  0.0001  0.0001  0.0001  0.9976

Candidate parent sampling proportions: lower (L) and upper (U) bounds of CI95
  Pop    CI_L(Male)    CI_U(Male)  CI_L(Female)  CI_U(Female)
    1        0.0001        1.0000        0.0001        1.0000
    2        0.0001        1.0000        0.0001        1.0000
    3        0.0148        0.9045        0.0148        0.9015
    4        0.0001        0.8644        0.0053        1.0000
    5        0.0001        1.0000        0.0001        1.0000
    6        0.1346        1.0000        0.1460        1.0000
    7        0.0001        0.8612        0.0055        1.0000
    8        0.0001        1.0000        0.0001        1.0000
    9        0.0001        1.0000        0.0001        1.0000

Immigration rates to pop I (Row) from pop J (Col): lower (L) and upper (U) bounds of CI95

 PopI     CI_L(J=1)     CI_U(J=1)     CI_L(J=2)     CI_U(J=2)     CI_L(J=3)     CI_U(J=3)     CI_L(J=4)     CI_U(J=4)     CI_L(J=5)     CI_U(J=5)     CI_L(J=6)     CI_U(J=6)     CI_L(J=7)     CI_U(J=7)     CI_L(J=8)     CI_U(J=8)     CI_L(J=9)     CI_U(J=9)
    1        0.0001        0.9954        0.0001        0.2531        0.0001        0.8983        0.0001        0.3022        0.0001        0.7635        0.0001        0.6290        0.0001        0.9990        0.0001        0.9990        0.0007        0.9990
    2        0.0001        0.6903        0.0001        0.9967        0.0001        0.5611        0.0001        0.5895        0.0001        0.8821        0.0001        0.8042        0.0001        0.9990        0.0001        0.9990        0.0013        0.9990
    3        0.0001        0.3374        0.0001        0.5239        0.1804        1.0000        0.0001        0.5371        0.0001        0.3096        0.0001        0.3816        0.0001        0.8188        0.0001        0.6913        0.0001        0.3088
    4        0.0001        0.5299        0.0001        0.5036        0.0001        0.5649        0.0001        0.6174        0.0001        0.5551        0.0001        0.3534        0.4303        0.9990        0.0001        0.4995        0.0001        0.6903
    5        0.0001        0.3098        0.0001        0.7910        0.0001        0.5728        0.0001        0.6065        0.0001        0.7075        0.0057        0.3476        0.0001        0.8087        0.0001        0.3376        0.0009        0.7358
    6        0.0001        0.8813        0.0001        0.6903        0.0001        0.5748        0.4974        1.0000        0.0001        0.4269        0.0001        0.3642        0.0001        0.9752        0.0001        0.9540        0.0004        0.6908
    7        0.0001        0.3073        0.0001        0.7910        0.0001        0.5618        0.0001        0.9088        0.0001        0.4105        0.0001        0.3807        0.0001        0.9990        0.0001        0.9990        0.0001        0.9990
    8        0.0001        0.3099        0.0001        0.9712        0.0001        0.5303        0.0001        0.8088        0.0001        0.5731        0.0001        0.7976        0.0001        0.9990        0.0001        0.9990        0.0001        0.9990
    9        0.0001        0.6285        0.0001        0.3472        0.0001        0.5448        0.0001        0.5127        0.0001        0.3098        0.0001        0.3710        0.0001        0.9990        0.0001        0.9990        0.0001        0.9990
