**************************************************
           Output from program MigEst
**************************************************


Input file: MigEst.in
Analysis conducted: 22/09/2018  at 41/44/08

Maximum Log Likelihood:     -8.328352E+01

Candidate parent sampling proportions: ML estimates
  Pop     Males   Females
    1    0.0001    0.0001
    2    0.0001    0.0001
    3    0.0001    0.0001
    4    0.0001    0.0001
    5    0.0001    0.0680
    6    0.9681    0.0001
    7    0.0582    0.0970
    8    0.0001    0.0001
    9    0.0001    0.0001
   10    0.0001    0.0001
   11    0.1277    0.3831
   12    0.9633    0.0001
   13    0.0001    0.0001
   14    0.0001    0.0263

Immigration rates to pop I (Row) from pop J (Col): ML estimates
  Pop    Pop1    Pop2    Pop3    Pop4    Pop5    Pop6    Pop7    Pop8    Pop9   Pop10   Pop11   Pop12   Pop13   Pop14   Ghost
    1  0.0001  0.0017  0.0017  0.0004  0.0002  0.0712  0.0012  0.0016  0.0016  0.0001  0.0016  0.0001  0.0001  0.0016  0.9168
    2  0.0017  0.9794  0.0018  0.0017  0.0015  0.0014  0.0014  0.0018  0.0017  0.0017  0.0011  0.0015  0.0016  0.0017  0.0000
    3  0.0016  0.0016  0.0001  0.0016  0.0016  0.0001  0.0005  0.0016  0.0001  0.0016  0.0012  0.0001  0.0016  0.0001  0.9866
    4  0.0001  0.0016  0.0001  0.0001  0.0001  0.0001  0.0001  0.0016  0.0001  0.0016  0.0001  0.0001  0.0001  0.0001  0.9941
    5  0.0001  0.0016  0.0017  0.0016  0.0001  0.0001  0.0001  0.0016  0.0001  0.0001  0.0001  0.0001  0.0016  0.0016  0.9895
    6  0.0001  0.0016  0.0017  0.0001  0.0016  0.0454  0.0534  0.0001  0.0003  0.0016  0.0016  0.0220  0.0016  0.0016  0.8673
    7  0.0001  0.0016  0.0017  0.0001  0.0016  0.0001  0.8139  0.0016  0.0016  0.0016  0.0001  0.0001  0.0016  0.0016  0.1727
    8  0.0016  0.0016  0.0017  0.0016  0.0001  0.0016  0.0016  0.0001  0.0001  0.0016  0.0016  0.0001  0.0016  0.0016  0.9835
    9  0.0001  0.0001  0.0001  0.0016  0.0001  0.0001  0.0001  0.0001  0.0001  0.0001  0.0001  0.0001  0.0016  0.0001  0.9956
   10  0.0016  0.0016  0.0017  0.0016  0.0016  0.0016  0.0016  0.0016  0.0016  0.0001  0.0016  0.0016  0.0016  0.0016  0.9790
   11  0.0016  0.0001  0.0001  0.0016  0.0016  0.0001  0.0016  0.0016  0.0002  0.0001  0.1798  0.0001  0.0016  0.0016  0.8083
   12  0.0016  0.0001  0.0017  0.0016  0.0016  0.0016  0.0016  0.0016  0.0016  0.0016  0.0001  0.0001  0.0016  0.0016  0.9820
   13  0.0016  0.0001  0.0017  0.0001  0.0001  0.0001  0.0004  0.0016  0.0016  0.0016  0.0013  0.0016  0.0001  0.0001  0.9880
   14  0.0001  0.0001  0.0000  0.0016  0.1558  0.0000  0.0650  0.0016  0.0016  0.0001  0.0192  0.0001  0.0016  0.8158  0.0000

Candidate parent sampling proportions: lower (L) and upper (U) bounds of CI95
  Pop    CI_L(Male)    CI_U(Male)  CI_L(Female)  CI_U(Female)
    1        0.0001        1.0000        0.0001        1.0000
    2        0.0001        1.0000        0.0001        1.0000
    3        0.0001        1.0000        0.0001        1.0000
    4        0.0001        1.0000        0.0001        1.0000
    5        0.0001        0.8064        0.0069        1.0000
    6        0.7832        1.0000        0.0001        0.5493
    7        0.0128        0.2080        0.0268        0.3916
    8        0.0001        1.0000        0.0001        1.0000
    9        0.0001        1.0000        0.0001        1.0000
   10        0.0001        1.0000        0.0001        1.0000
   11        0.0037        0.9412        0.0245        1.0000
   12        0.6720        1.0000        0.0001        0.7983
   13        0.0001        1.0000        0.0001        1.0000
   14        0.0001        0.3431        0.0058        1.0000

Immigration rates to pop I (Row) from pop J (Col): lower (L) and upper (U) bounds of CI95

 PopI     CI_L(J=1)     CI_U(J=1)     CI_L(J=2)     CI_U(J=2)     CI_L(J=3)     CI_U(J=3)     CI_L(J=4)     CI_U(J=4)     CI_L(J=5)     CI_U(J=5)     CI_L(J=6)     CI_U(J=6)     CI_L(J=7)     CI_U(J=7)     CI_L(J=8)     CI_U(J=8)     CI_L(J=9)     CI_U(J=9)    CI_L(J=10)    CI_U(J=10)    CI_L(J=11)    CI_U(J=11)    CI_L(J=12)    CI_U(J=12)    CI_L(J=13)    CI_U(J=13)    CI_L(J=14)    CI_U(J=14)
    1        0.0001        0.6797        0.0001        0.8081        0.0001        0.8808        0.0001        0.6623        0.0001        0.2637        0.0216        0.9985        0.0001        0.6969        0.0001        0.5278        0.0001        0.4995        0.0001        0.3021        0.0001        0.7526        0.0001        0.6900        0.0001        0.4821        0.0001        0.6798
    2        0.0001        0.3072        0.0001        0.9811        0.0001        0.5295        0.0001        0.5107        0.0001        0.9985        0.0001        0.9985        0.0001        0.9985        0.0001        0.9985        0.0001        0.9985        0.0001        0.9985        0.0001        0.9985        0.0001        0.9985        0.0001        0.9985        0.0001        0.9985
    3        0.0001        0.4555        0.0001        0.5465        0.0001        0.8113        0.0001        0.5041        0.0001        0.9985        0.0001        0.9985        0.0001        0.9985        0.0001        0.9985        0.0001        0.9985        0.0001        0.9985        0.0001        0.9985        0.0001        0.9985        0.0001        0.9985        0.0001        0.9985
    4        0.0001        0.6900        0.0001        0.5450        0.0001        0.2636        0.0001        0.4993        0.0001        0.9985        0.0001        0.9985        0.0001        0.9985        0.0001        0.9985        0.0001        0.9985        0.0001        0.9985        0.0001        0.9985        0.0001        0.9985        0.0001        0.9985        0.0001        0.9985
    5        0.0001        0.4992        0.0001        0.4891        0.0001        0.8768        0.0001        0.5282        0.0001        0.9985        0.0001        0.9985        0.0001        0.9985        0.0001        0.9985        0.0001        0.9985        0.0001        0.9985        0.0001        0.9985        0.0001        0.9985        0.0001        0.9985        0.0001        0.9985
    6        0.0001        0.4993        0.0001        0.4723        0.0001        0.8081        0.0001        0.3117        0.0001        0.5108        0.0121        0.8890        0.0330        0.7497        0.0001        0.8078        0.0001        0.4994        0.0001        0.8072        0.0001        0.4763        0.0031        0.6231        0.0001        0.6112        0.0001        0.6177
    7        0.0001        0.5028        0.0001        0.4551        0.0001        0.7788        0.0001        0.4993        0.0001        0.4960        0.0001        0.5034        0.1783        0.9985        0.0001        0.4723        0.0007        0.4723        0.0001        0.6455        0.0001        0.3086        0.0001        0.8084        0.0001        0.5001        0.0001        0.6904
    8        0.0001        0.5278        0.0001        0.5304        0.0001        0.7633        0.0001        0.5107        0.0001        0.9985        0.0001        0.9985        0.0001        0.9985        0.0001        0.9985        0.0001        0.9985        0.0001        0.9985        0.0001        0.9985        0.0001        0.9985        0.0001        0.9985        0.0001        0.9985
    9        0.0001        0.2913        0.0001        0.4265        0.0001        0.6622        0.0001        0.5001        0.0001        0.9985        0.0001        0.9985        0.0001        0.9985        0.0001        0.9985        0.0001        0.9985        0.0001        0.9985        0.0001        0.9985        0.0001        0.9985        0.0001        0.9985        0.0001        0.9985
   10        0.0001        0.5172        0.0001        0.5108        0.0001        0.8081        0.0001        0.5303        0.0001        0.9985        0.0001        0.9985        0.0001        0.9985        0.0001        0.9985        0.0001        0.9985        0.0001        0.9985        0.0001        0.9985        0.0001        0.9985        0.0001        0.9985        0.0001        0.9985
   11        0.0001        0.5514        0.0001        0.4993        0.0001        0.2360        0.0001        0.5280        0.0001        0.5001        0.0001        0.4993        0.0001        0.5278        0.0001        0.4960        0.0001        0.5706        0.0001        0.1214        0.1119        0.9985        0.0001        0.3086        0.0001        0.6733        0.0001        0.9819
   12        0.0001        0.5278        0.0001        0.6909        0.0001        0.8808        0.0001        0.5278        0.0001        0.9985        0.0001        0.9985        0.0001        0.9985        0.0001        0.9985        0.0001        0.9985        0.0001        0.9985        0.0001        0.9985        0.0001        0.9985        0.0001        0.9985        0.0001        0.9985
   13        0.0001        0.5309        0.0001        0.3086        0.0001        0.8016        0.0001        0.4993        0.0001        0.9985        0.0001        0.9985        0.0001        0.9985        0.0001        0.9985        0.0001        0.9985        0.0001        0.9985        0.0001        0.9985        0.0001        0.9985        0.0001        0.9985        0.0001        0.9985
   14        0.0001        0.5426        0.0001        0.4427        0.0001        0.8078        0.0001        0.5001        0.0765        0.4901        0.0001        0.6894        0.0401        0.3473        0.0001        0.5278        0.0001        0.8980        0.0001        0.4715        0.0035        0.5094        0.0001        0.5428        0.0001        0.8981        0.2121        0.8907
