**************************************************
           Output from program MigEst
**************************************************


Input file: MigEst.in
Analysis conducted: 21/09/2018  at 26/44/19

Maximum Log Likelihood:     -1.445641E+01

Candidate parent sampling proportions: ML estimates
  Pop     Males   Females
    1    0.0001    0.0001
    2    0.9999    0.9999
    3    0.2497    0.2497
    4    0.0001    0.0833
    5    0.0001    0.0001
    6    0.0001    0.0999
    7    0.0001    0.0001
    8    0.0001    0.0001

Immigration rates to pop I (Row) from pop J (Col): ML estimates
  Pop    Pop1    Pop2    Pop3    Pop4    Pop5    Pop6    Pop7    Pop8   Ghost
    1  0.9986  0.0001  0.0001  0.0001  0.0002  0.0001  0.0001  0.0001  0.0006
    2  0.0000  0.0000  0.0002  0.9999  0.0002  0.0002  0.0002  0.0002  0.0000
    3  0.0001  0.0001  0.9999  0.0003  0.0000  0.0002  0.0002  0.0002  0.0000
    4  0.0002  0.0000  0.0001  0.0001  0.0002  0.9999  0.0000  0.0001  0.0000
    5  0.0001  0.1031  0.0001  0.0001  0.0001  0.0002  0.0002  0.0003  0.8958
    6  0.0002  0.0001  0.0001  0.0001  0.0001  0.0001  0.0001  0.0001  0.9991
    7  0.0002  0.0001  0.0001  0.0001  0.0001  0.0001  0.9986  0.0002  0.0005
    8  0.0001  0.0001  0.0001  0.0001  0.0001  0.0001  0.0002  0.9986  0.0006

Candidate parent sampling proportions: lower (L) and upper (U) bounds of CI95
  Pop    CI_L(Male)    CI_U(Male)  CI_L(Female)  CI_U(Female)
    1        0.0001        1.0000        0.0001        1.0000
    2        0.1349        1.0000        0.1350        1.0000
    3        0.0773        0.9034        0.0149        0.9032
    4        0.0001        0.8602        0.0258        1.0000
    5        0.0001        1.0000        0.0001        1.0000
    6        0.0001        0.8630        0.0055        1.0000
    7        0.0001        1.0000        0.0001        1.0000
    8        0.0001        1.0000        0.0001        1.0000

Immigration rates to pop I (Row) from pop J (Col): lower (L) and upper (U) bounds of CI95

 PopI     CI_L(J=1)     CI_U(J=1)     CI_L(J=2)     CI_U(J=2)     CI_L(J=3)     CI_U(J=3)     CI_L(J=4)     CI_U(J=4)     CI_L(J=5)     CI_U(J=5)     CI_L(J=6)     CI_U(J=6)     CI_L(J=7)     CI_U(J=7)     CI_L(J=8)     CI_U(J=8)
    1        0.0001        1.0000        0.0001        0.6770        0.0001        0.9674        0.0001        0.7329        0.0001        1.0000        0.0001        1.0000        0.0001        1.0000        0.0001        1.0000
    2        0.0001        0.4758        0.0001        0.1535        0.0001        0.5275        0.5623        1.0000        0.0001        0.6906        0.0001        0.9719        0.0001        0.6628        0.0001        0.5447
    3        0.0001        0.8015        0.0001        0.3529        0.4984        1.0000        0.0001        0.2361        0.0001        0.7192        0.0001        0.7370        0.0001        0.4268        0.0001        0.6864
    4        0.0001        0.3027        0.0001        0.4267        0.0001        0.6003        0.0001        0.9479        0.0001        0.3089        0.4199        1.0000        0.0001        0.6904        0.0001        0.4909
    5        0.0001        0.3129        0.0062        0.3395        0.0001        0.6177        0.0001        0.8085        0.0001        0.6976        0.0001        0.9090        0.0001        0.6068        0.0001        0.2638
    6        0.0001        0.1803        0.0001        0.2399        0.0001        0.8525        0.0001        0.3778        0.0001        1.0000        0.0001        1.0000        0.0001        1.0000        0.0001        1.0000
    7        0.0001        0.4718        0.0001        0.8640        0.0001        0.9525        0.0001        0.8189        0.0001        1.0000        0.0001        1.0000        0.0001        1.0000        0.0001        1.0000
    8        0.0001        0.6003        0.0001        0.1737        0.0001        0.3645        0.0001        0.9645        0.0001        1.0000        0.0001        1.0000        0.0001        1.0000        0.0001        1.0000
