**************************************************
           Output from program MigEst
**************************************************


Input file: MigEst.in
Analysis conducted: 27/08/2018  at 42/00/20

Maximum Log Likelihood:     -2.261287E+01

Candidate parent sampling proportions: ML estimates
  Pop     Males   Females
    1    0.0001    0.0001
    2    0.9999    0.9999
    3    0.2497    0.2497
    4    0.0001    0.0843
    5    0.0001    0.0001
    6    0.0001    0.1262
    7    0.0001    0.0001
    8    0.0001    0.0001
    9    0.9317    0.0001

Immigration rates to pop I (Row) from pop J (Col): ML estimates
  Pop    Pop1    Pop2    Pop3    Pop4    Pop5    Pop6    Pop7    Pop8    Pop9   Ghost
    1  0.0001  0.0001  0.0001  0.0016  0.0001  0.0013  0.0001  0.0001  0.0004  0.9961
    2  0.0016  0.0001  0.0001  0.9917  0.0016  0.0001  0.0001  0.0000  0.0826  0.0000
    3  0.0001  0.0001  0.9999  0.0016  0.0001  0.0001  0.0017  0.0000  0.0001  0.0000
    4  0.0002  0.0001  0.0001  0.0001  0.0001  0.7905  0.0017  0.0001  0.0001  0.2070
    5  0.0001  0.0973  0.0001  0.0005  0.0001  0.0012  0.0017  0.0001  0.2218  0.6771
    6  0.0001  0.0001  0.0001  0.0001  0.0001  0.0001  0.0017  0.0016  0.0001  0.9960
    7  0.0016  0.0016  0.0012  0.0005  0.0016  0.0016  0.0001  0.0016  0.0001  0.9901
    8  0.0001  0.0001  0.0009  0.0005  0.0001  0.0001  0.0001  0.0001  0.0001  0.9979
    9  0.0016  0.0016  0.0001  0.0016  0.0016  0.0001  0.0001  0.0001  0.0001  0.9931

Candidate parent sampling proportions: lower (L) and upper (U) bounds of CI95
  Pop    CI_L(Male)    CI_U(Male)  CI_L(Female)  CI_U(Female)
    1        0.0001        1.0000        0.0001        1.0000
    2        0.1352        1.0000        0.1460        1.0000
    3        0.0226        0.9010        0.0150        0.9065
    4        0.0001        0.8581        0.0100        1.0000
    5        0.0001        1.0000        0.0001        1.0000
    6        0.0001        0.8607        0.0060        1.0000
    7        0.0001        1.0000        0.0001        1.0000
    8        0.0001        1.0000        0.0001        1.0000
    9        0.0837        1.0000        0.0001        0.4996

Immigration rates to pop I (Row) from pop J (Col): lower (L) and upper (U) bounds of CI95

 PopI     CI_L(J=1)     CI_U(J=1)     CI_L(J=2)     CI_U(J=2)     CI_L(J=3)     CI_U(J=3)     CI_L(J=4)     CI_U(J=4)     CI_L(J=5)     CI_U(J=5)     CI_L(J=6)     CI_U(J=6)     CI_L(J=7)     CI_U(J=7)     CI_L(J=8)     CI_U(J=8)     CI_L(J=9)     CI_U(J=9)
    1        0.0001        0.2637        0.0001        0.5273        0.0001        0.4717        0.0001        0.3376        0.0001        0.6451        0.0001        0.9990        0.0001        0.9990        0.0001        0.9990        0.0001        0.9990
    2        0.0001        0.3405        0.0001        0.6347        0.0001        0.5274        0.4959        0.9967        0.0001        0.3376        0.0001        0.7804        0.0001        0.5705        0.0001        0.6903        0.0159        0.9731
    3        0.0001        0.6347        0.0001        0.5143        0.5000        1.0000        0.0001        0.5453        0.0001        0.6888        0.0001        0.4955        0.0001        0.3033        0.0001        0.8360        0.0001        0.4307
    4        0.0001        0.7363        0.0001        0.5299        0.0001        0.4717        0.0001        0.7632        0.0001        0.4267        0.0073        0.9990        0.0001        0.0745        0.0001        0.1990        0.0001        0.5724
    5        0.0001        0.4273        0.0082        0.3723        0.0001        0.6241        0.0001        0.7354        0.0001        0.3103        0.0001        0.9303        0.0001        0.6009        0.0001        0.9620        0.0686        0.2734
    6        0.0001        0.1286        0.0001        0.2293        0.0001        0.5272        0.0001        0.4995        0.0001        0.6905        0.0001        0.9990        0.0001        0.9990        0.0001        0.9990        0.0001        0.9990
    7        0.0001        0.3097        0.0001        0.5756        0.0001        0.8984        0.0001        0.8983        0.0001        0.5173        0.0001        0.9990        0.0001        0.9990        0.0001        0.9990        0.0001        0.9990
    8        0.0001        0.2077        0.0001        0.4995        0.0001        0.8534        0.0001        0.6970        0.0001        0.8172        0.0001        0.9990        0.0001        0.9990        0.0001        0.9990        0.0001        0.9990
    9        0.0001        0.3034        0.0001        0.2967        0.0001        0.3701        0.0001        0.3444        0.0001        0.3826        0.0001        0.9990        0.0001        0.9990        0.0001        0.9990        0.0001        0.8769
