**************************************************
           Output from program MigEst
**************************************************


Input file: MigEst.in
Analysis conducted: 02/08/2018  at 50/24/20

Maximum Log Likelihood:     -2.261287E+01

Candidate parent sampling proportions: ML estimates
  Pop     Males   Females
    1    0.0001    0.0001
    2    0.9999    0.9999
    3    0.2497    0.2497
    4    0.0001    0.0843
    5    0.0001    0.0001
    6    0.0001    0.1262
    7    0.0001    0.0001
    8    0.0001    0.0001
    9    0.9317    0.0001

Immigration rates to pop I (Row) from pop J (Col): ML estimates
  Pop    Pop1    Pop2    Pop3    Pop4    Pop5    Pop6    Pop7    Pop8    Pop9   Ghost
    1  0.0001  0.0001  0.0001  0.0016  0.0001  0.0013  0.0001  0.0001  0.0004  0.9961
    2  0.0016  0.0001  0.0001  0.9917  0.0016  0.0001  0.0001  0.0000  0.0826  0.0000
    3  0.0001  0.0001  0.9999  0.0016  0.0001  0.0001  0.0017  0.0000  0.0001  0.0000
    4  0.0002  0.0001  0.0001  0.0001  0.0001  0.7905  0.0017  0.0001  0.0001  0.2070
    5  0.0001  0.0973  0.0001  0.0005  0.0001  0.0012  0.0017  0.0001  0.2218  0.6771
    6  0.0001  0.0001  0.0001  0.0001  0.0001  0.0001  0.0017  0.0016  0.0001  0.9960
    7  0.0016  0.0016  0.0012  0.0005  0.0016  0.0016  0.0001  0.0016  0.0001  0.9901
    8  0.0001  0.0001  0.0009  0.0005  0.0001  0.0001  0.0001  0.0001  0.0001  0.9979
    9  0.0016  0.0016  0.0001  0.0016  0.0016  0.0001  0.0001  0.0001  0.0001  0.9931

Candidate parent sampling proportions: lower (L) and upper (U) bounds of CI95
  Pop    CI_L(Male)    CI_U(Male)  CI_L(Female)  CI_U(Female)
    1        0.0001        1.0000        0.0001        1.0000
    2        0.3096        1.0000        0.1322        1.0000
    3        0.0412        0.9057        0.0158        0.8983
    4        0.0001        0.8657        0.0361        1.0000
    5        0.0001        1.0000        0.0001        1.0000
    6        0.0001        0.8682        0.0053        1.0000
    7        0.0001        1.0000        0.0001        1.0000
    8        0.0001        1.0000        0.0001        1.0000
    9        0.0401        1.0000        0.0001        0.4811

Immigration rates to pop I (Row) from pop J (Col): lower (L) and upper (U) bounds of CI95

 PopI     CI_L(J=1)     CI_U(J=1)     CI_L(J=2)     CI_U(J=2)     CI_L(J=3)     CI_U(J=3)     CI_L(J=4)     CI_U(J=4)     CI_L(J=5)     CI_U(J=5)     CI_L(J=6)     CI_U(J=6)     CI_L(J=7)     CI_U(J=7)     CI_L(J=8)     CI_U(J=8)     CI_L(J=9)     CI_U(J=9)
    1        0.0001        0.1630        0.0001        0.5660        0.0001        0.5143        0.0001        0.3820        0.0001        0.3685        0.0001        0.9990        0.0001        0.9990        0.0001        0.9990        0.0001        0.9990
    2        0.0001        0.5740        0.0001        0.6102        0.0001        0.5324        0.4959        0.9940        0.0001        0.3098        0.0001        0.7312        0.0001        0.4267        0.0001        0.9267        0.0256        0.9172
    3        0.0001        0.3088        0.0001        0.4896        0.1804        1.0000        0.0001        0.5740        0.0001        0.3063        0.0001        0.4995        0.0001        0.4888        0.0001        0.4995        0.0001        0.8533
    4        0.0001        0.7354        0.0001        0.5102        0.0001        0.5324        0.0001        0.6180        0.0001        0.3088        0.0370        0.9990        0.0001        0.6974        0.0001        0.5274        0.0001        0.4995
    5        0.0001        0.3710        0.0080        0.3759        0.0001        0.6453        0.0001        0.8915        0.0001        0.5268        0.0001        0.9026        0.0001        0.1922        0.0001        0.5340        0.1109        0.4403
    6        0.0001        0.3113        0.0001        0.2119        0.0001        0.4995        0.0001        0.5461        0.0001        0.6904        0.0001        0.9990        0.0001        0.9990        0.0001        0.9990        0.0001        0.9990
    7        0.0001        0.3098        0.0001        0.5731        0.0001        0.7806        0.0001        0.7633        0.0001        0.4266        0.0001        0.9990        0.0001        0.9990        0.0001        0.9990        0.0001        0.9990
    8        0.0001        0.5724        0.0001        0.5618        0.0001        0.8997        0.0001        0.8083        0.0001        0.6798        0.0001        0.9990        0.0001        0.9990        0.0001        0.9990        0.0001        0.9990
    9        0.0006        0.5004        0.0001        0.3073        0.0001        0.1934        0.0001        0.5756        0.0001        0.3432        0.0001        0.9990        0.0001        0.9990        0.0001        0.9990        0.0001        0.8188
