**************************************************
           Output from program MigEst
**************************************************


Input file: MigEst.in
Analysis conducted: 21/08/2018  at 17/09/07

Maximum Log Likelihood:     -8.387502E+01

Candidate parent sampling proportions: ML estimates
  Pop     Males   Females
    1    0.0001    0.0001
    2    0.0001    0.0001
    3    0.0001    0.0001
    4    0.0001    0.0001
    5    0.0001    0.1907
    6    0.0611    0.0001
    7    0.0508    0.0846
    8    0.0001    0.0001
    9    0.0001    0.0001
   10    0.0001    0.0001
   11    0.0390    0.1170
   12    0.9394    0.0001
   13    0.0001    0.0001
   14    0.0001    0.0267

Immigration rates to pop I (Row) from pop J (Col): ML estimates
  Pop    Pop1    Pop2    Pop3    Pop4    Pop5    Pop6    Pop7    Pop8    Pop9   Pop10   Pop11   Pop12   Pop13   Pop14   Ghost
    1  0.9948  0.0001  0.0004  0.0001  0.0004  0.9998  0.0001  0.0005  0.0004  0.0004  0.0004  0.0004  0.0004  0.0001  0.0000
    2  0.0006  0.9950  0.0008  0.0004  0.0002  0.0003  0.0001  0.0004  0.0004  0.0004  0.0002  0.0003  0.0005  0.0004  0.0000
    3  0.0004  0.0004  0.0001  0.0004  0.0004  0.0004  0.0004  0.0005  0.0004  0.0004  0.0004  0.0004  0.0004  0.0004  0.9946
    4  0.0004  0.0004  0.0004  0.0001  0.0004  0.0004  0.0004  0.0005  0.0004  0.0004  0.0001  0.0004  0.0004  0.0001  0.9952
    5  0.0004  0.0004  0.0001  0.0001  0.0001  0.0004  0.0004  0.0005  0.0004  0.0004  0.0001  0.0001  0.0001  0.0001  0.9964
    6  0.0000  0.0001  0.0004  0.0004  0.0001  0.7658  0.1496  0.0006  0.0003  0.0002  0.0001  0.0224  0.0001  0.0001  0.0598
    7  0.0001  0.0004  0.0001  0.0004  0.0001  0.0002  0.8559  0.0005  0.0005  0.0001  0.0001  0.0001  0.0004  0.0003  0.1408
    8  0.0004  0.0001  0.0004  0.0004  0.0001  0.0001  0.0003  0.0001  0.0004  0.0003  0.0002  0.0004  0.0004  0.0002  0.9962
    9  0.0004  0.0004  0.0004  0.0004  0.0004  0.0004  0.0004  0.0005  0.0001  0.0004  0.0004  0.0004  0.0004  0.0004  0.9946
   10  0.0003  0.0001  0.0001  0.0001  0.0001  0.0002  0.0003  0.0005  0.0004  0.0001  0.0002  0.0001  0.0004  0.0004  0.9967
   11  0.0001  0.0004  0.0001  0.0004  0.0004  0.0004  0.0001  0.0005  0.0001  0.0013  0.5207  0.0001  0.0004  0.0002  0.4748
   12  0.0004  0.0001  0.0001  0.0001  0.0002  0.0001  0.0001  0.0001  0.0001  0.0004  0.0003  0.0001  0.0004  0.0004  0.9971
   13  0.0004  0.0001  0.0001  0.0004  0.0001  0.0001  0.0001  0.0001  0.0001  0.0001  0.0001  0.0001  0.9948  0.0001  0.0033
   14  0.0001  0.0001  0.0004  0.0001  0.0560  0.0000  0.0813  0.0001  0.0004  0.0004  0.0678  0.0001  0.0001  0.8058  0.0000

Candidate parent sampling proportions: lower (L) and upper (U) bounds of CI95
  Pop    CI_L(Male)    CI_U(Male)  CI_L(Female)  CI_U(Female)
    1        0.0001        1.0000        0.0001        1.0000
    2        0.0001        1.0000        0.0001        1.0000
    3        0.0001        1.0000        0.0001        1.0000
    4        0.0001        1.0000        0.0001        1.0000
    5        0.0001        0.7010        0.1546        1.0000
    6        0.0189        1.0000        0.0001        0.3063
    7        0.0253        0.3720        0.0216        0.5993
    8        0.0001        1.0000        0.0001        1.0000
    9        0.0001        1.0000        0.0001        1.0000
   10        0.0001        1.0000        0.0001        1.0000
   11        0.0020        0.9564        0.0172        1.0000
   12        0.6552        1.0000        0.0001        0.8540
   13        0.0001        1.0000        0.0001        1.0000
   14        0.0001        0.4706        0.0103        1.0000

Immigration rates to pop I (Row) from pop J (Col): lower (L) and upper (U) bounds of CI95

 PopI     CI_L(J=1)     CI_U(J=1)     CI_L(J=2)     CI_U(J=2)     CI_L(J=3)     CI_U(J=3)     CI_L(J=4)     CI_U(J=4)     CI_L(J=5)     CI_U(J=5)     CI_L(J=6)     CI_U(J=6)     CI_L(J=7)     CI_U(J=7)     CI_L(J=8)     CI_U(J=8)     CI_L(J=9)     CI_U(J=9)    CI_L(J=10)    CI_U(J=10)    CI_L(J=11)    CI_U(J=11)    CI_L(J=12)    CI_U(J=12)    CI_L(J=13)    CI_U(J=13)    CI_L(J=14)    CI_U(J=14)
    1        0.0001        0.9955        0.0001        0.6900        0.0001        0.1910        0.0001        0.8816        0.0001        0.1910        0.6909        0.9985        0.0001        0.2637        0.0001        0.5723        0.0001        0.1632        0.0001        0.3088        0.0001        0.7629        0.0001        0.3087        0.0001        0.6910        0.0001        0.6162
    2        0.0001        0.7629        0.0001        0.9974        0.0001        0.8076        0.0001        0.4651        0.0001        0.9985        0.0001        0.9985        0.0001        0.9985        0.0001        0.9985        0.0001        0.9985        0.0001        0.9985        0.0001        0.9985        0.0001        0.9985        0.0001        0.9985        0.0001        0.9985
    3        0.0001        0.1910        0.0001        0.3088        0.0001        0.4993        0.0001        0.5329        0.0001        0.9985        0.0001        0.9985        0.0001        0.9985        0.0001        0.9985        0.0001        0.9985        0.0001        0.9985        0.0001        0.9985        0.0001        0.9985        0.0001        0.9985        0.0001        0.9985
    4        0.0001        0.3821        0.0001        0.4716        0.0001        0.4954        0.0001        0.6172        0.0001        0.9985        0.0001        0.9985        0.0001        0.9985        0.0001        0.9985        0.0001        0.9985        0.0001        0.9985        0.0001        0.9985        0.0001        0.9985        0.0001        0.9985        0.0001        0.9985
    5        0.0001        0.1872        0.0001        0.3816        0.0001        0.5262        0.0001        0.6793        0.0001        0.9985        0.0001        0.9985        0.0001        0.9985        0.0001        0.9985        0.0001        0.9985        0.0001        0.9985        0.0001        0.9985        0.0001        0.9985        0.0001        0.9985        0.0001        0.9985
    6        0.0001        0.2939        0.0001        0.4993        0.0001        0.3088        0.0001        0.1976        0.0001        0.5787        0.3830        0.8168        0.1034        0.5770        0.0001        0.5030        0.0001        0.8716        0.0001        0.5100        0.0001        0.4279        0.0069        0.2968        0.0001        0.4265        0.0001        0.4952
    7        0.0001        0.3061        0.0001        0.3088        0.0001        0.3086        0.0001        0.3816        0.0001        0.2914        0.0001        0.5164        0.1635        0.9985        0.0001        0.6901        0.0001        0.8529        0.0001        0.7694        0.0001        0.4093        0.0001        0.3807        0.0001        0.8807        0.0001        0.8357
    8        0.0001        0.1804        0.0001        0.5721        0.0001        0.5273        0.0001        0.3816        0.0001        0.9985        0.0001        0.9985        0.0001        0.9985        0.0001        0.9985        0.0001        0.9985        0.0001        0.9985        0.0001        0.9985        0.0001        0.9985        0.0001        0.9985        0.0001        0.9985
    9        0.0001        0.3088        0.0001        0.5016        0.0001        0.4635        0.0001        0.1914        0.0001        0.9985        0.0001        0.9985        0.0001        0.9985        0.0001        0.9985        0.0001        0.9985        0.0001        0.9985        0.0001        0.9985        0.0001        0.9985        0.0001        0.9985        0.0001        0.9985
   10        0.0001        0.4716        0.0001        0.3364        0.0001        0.8078        0.0001        0.4993        0.0001        0.9985        0.0001        0.9985        0.0001        0.9985        0.0001        0.9985        0.0001        0.9985        0.0001        0.9985        0.0001        0.9985        0.0001        0.9985        0.0001        0.9985        0.0001        0.9985
   11        0.0001        0.6900        0.0001        0.1870        0.0001        0.5828        0.0001        0.2638        0.0001        0.4741        0.0001        0.7907        0.0001        0.7456        0.0001        0.2917        0.0001        0.4987        0.0001        0.2365        0.2209        0.9985        0.0001        0.2145        0.0001        0.5385        0.0001        0.8355
   12        0.0001        0.3088        0.0001        0.3046        0.0001        0.4987        0.0001        0.6171        0.0001        0.9985        0.0001        0.9985        0.0001        0.9985        0.0001        0.9985        0.0001        0.9985        0.0001        0.9985        0.0001        0.9985        0.0001        0.9985        0.0001        0.9985        0.0001        0.9985
   13        0.0001        0.5273        0.0001        0.5034        0.0001        0.6894        0.0001        0.4995        0.0001        0.9985        0.0001        0.9985        0.0001        0.9985        0.0001        0.9985        0.0001        0.9985        0.0001        0.9985        0.0001        0.9985        0.0001        0.9985        0.0001        0.9985        0.0001        0.9985
   14        0.0001        0.9257        0.0001        0.3814        0.0001        0.1648        0.0001        0.7628        0.0067        0.8873        0.0001        0.5008        0.0316        0.4753        0.0001        0.9519        0.0001        0.3816        0.0001        0.3366        0.0180        0.7628        0.0001        0.8807        0.0001        0.6899        0.3078        0.9162
