**************************************************
           Output from program MigEst
**************************************************


Input file: MigEst.in
Analysis conducted: 12/06/2019  at 45/08/20

Maximum Log Likelihood:     -1.023798E+01

Candidate parent sampling proportions: ML estimates
  Pop     Males   Females
    1    0.0001    0.0001
    2    0.0001    0.0001
    3    0.0001    0.0001
    4    0.0001    0.0254
    5    0.0001    0.0001
    6    0.0001    0.0001
    7    0.0001    0.0001
    8    0.0001    0.9901
    9    0.0001    0.0001
   10    0.0001    0.0001

Immigration rates to pop I (Row) from pop J (Col): ML estimates
  Pop    Pop1    Pop2    Pop3    Pop4    Pop5    Pop6    Pop7    Pop8    Pop9   Pop10   Ghost
    1  0.0001  0.0001  0.0001  0.0001  0.0001  0.0001  0.0002  0.0001  0.0001  0.0001  0.9989
    2  0.0001  0.0001  0.0001  0.0001  0.0001  0.0002  0.0001  0.0002  0.0001  0.0001  0.9988
    3  0.0001  0.0001  0.0001  0.0001  0.0002  0.0001  0.0001  0.0001  0.0001  0.0001  0.9989
    4  0.0001  0.0001  0.0001  0.0001  0.0001  0.0001  0.0002  0.0001  0.0001  0.0001  0.9989
    5  0.0001  0.0001  0.0001  0.0001  0.0001  0.0001  0.0001  0.0001  0.0001  0.0002  0.9989
    6  0.0001  0.0001  0.0001  0.0001  0.0001  0.0001  0.0001  0.0001  0.0001  0.0002  0.9989
    7  0.0001  0.0001  0.0002  0.0001  0.0001  0.0001  0.0001  0.0001  0.0001  0.0001  0.9989
    8  0.0001  0.0001  0.0001  0.0001  0.0001  0.0001  0.0002  0.0001  0.0001  0.0001  0.9989
    9  0.0001  0.0001  0.0001  0.0001  0.0002  0.0001  0.0001  0.0001  0.0001  0.0001  0.9989
   10  0.0001  0.0001  0.0001  0.6353  0.0001  0.0001  0.0001  0.0161  0.0001  0.0002  0.3477

Candidate parent sampling proportions: lower (L) and upper (U) bounds of CI95
  Pop    CI_L(Male)    CI_U(Male)  CI_L(Female)  CI_U(Female)
    1        0.0001        1.0000        0.0001        1.0000
    2        0.0001        1.0000        0.0001        1.0000
    3        0.0001        1.0000        0.0001        1.0000
    4        0.0001        0.8631        0.0008        1.0000
    5        0.0001        1.0000        0.0001        1.0000
    6        0.0001        1.0000        0.0001        1.0000
    7        0.0001        1.0000        0.0001        1.0000
    8        0.0001        0.8636        0.6606        1.0000
    9        0.0001        1.0000        0.0001        1.0000
   10        0.0001        1.0000        0.0001        1.0000

Immigration rates to pop I (Row) from pop J (Col): lower (L) and upper (U) bounds of CI95

 PopI     CI_L(J=1)     CI_U(J=1)     CI_L(J=2)     CI_U(J=2)     CI_L(J=3)     CI_U(J=3)     CI_L(J=4)     CI_U(J=4)     CI_L(J=5)     CI_U(J=5)     CI_L(J=6)     CI_U(J=6)     CI_L(J=7)     CI_U(J=7)     CI_L(J=8)     CI_U(J=8)     CI_L(J=9)     CI_U(J=9)    CI_L(J=10)    CI_U(J=10)
    1        0.0001        0.4660        0.0001        0.6640        0.0001        0.6452        0.0001        0.9989        0.0001        0.9989        0.0001        0.9989        0.0001        0.9989        0.0001        0.9989        0.0001        0.9989        0.0001        0.9989
    2        0.0001        0.7975        0.0001        0.8081        0.0001        0.3087        0.0001        0.9989        0.0001        0.9989        0.0001        0.9989        0.0001        0.9989        0.0001        0.9989        0.0001        0.9989        0.0001        0.9989
    3        0.0001        0.5101        0.0001        0.5045        0.0001        0.3816        0.0001        0.9989        0.0001        0.9989        0.0001        0.9989        0.0001        0.9989        0.0001        0.9989        0.0001        0.9989        0.0001        0.9989
    4        0.0001        0.4995        0.0001        0.4028        0.0001        0.5749        0.0001        0.9989        0.0001        0.9989        0.0001        0.9989        0.0001        0.9989        0.0001        0.9989        0.0001        0.9989        0.0001        0.9989
    5        0.0001        0.7328        0.0001        0.4995        0.0001        0.3366        0.0001        0.9989        0.0001        0.9989        0.0001        0.9989        0.0001        0.9989        0.0001        0.9989        0.0001        0.9989        0.0001        0.9989
    6        0.0001        0.5101        0.0001        0.6903        0.0001        0.1908        0.0001        0.9989        0.0001        0.9989        0.0001        0.9989        0.0001        0.9989        0.0001        0.9989        0.0001        0.9989        0.0001        0.9989
    7        0.0001        0.6903        0.0001        0.1906        0.0001        0.4717        0.0001        0.9989        0.0001        0.9989        0.0001        0.9989        0.0001        0.9989        0.0001        0.9989        0.0001        0.9989        0.0001        0.9989
    8        0.0001        0.0902        0.0001        0.6903        0.0001        0.4994        0.0001        0.9989        0.0001        0.9989        0.0001        0.9989        0.0001        0.9989        0.0001        0.9989        0.0001        0.9989        0.0001        0.9989
    9        0.0001        0.8057        0.0001        0.7459        0.0001        0.6862        0.0001        0.9989        0.0001        0.9989        0.0001        0.9989        0.0001        0.9989        0.0001        0.9989        0.0001        0.9989        0.0001        0.9989
   10        0.0001        0.8122        0.0001        0.7975        0.0001        0.8056        0.0287        0.9101        0.0001        0.4995        0.0001        0.6174        0.0001        0.6903        0.0009        0.3029        0.0001        0.6174        0.0001        0.9819
