**************************************************
           Output from program MigEst
**************************************************


Input file: MigEst.in
Analysis conducted: 16/06/2019  at 13/30/04

Maximum Log Likelihood:     -6.191248E+01

Candidate parent sampling proportions: ML estimates
  Pop     Males   Females
    1    0.0001    0.9674
    2    0.8515    0.0001
    3    0.0001    0.0001
    4    0.0001    0.0001
    5    0.0001    0.0001
    6    0.6706    0.5029
    7    0.9999    0.5000
    8    0.9999    0.9999
    9    0.0001    0.0001
   10    0.0001    0.0001
   11    0.5000    0.9999
   12    0.0001    0.0001
   13    0.9999    0.9999
   14    0.3310    0.1655

Immigration rates to pop I (Row) from pop J (Col): ML estimates
  Pop    Pop1    Pop2    Pop3    Pop4    Pop5    Pop6    Pop7    Pop8    Pop9   Pop10   Pop11   Pop12   Pop13   Pop14   Ghost
    1  0.0001  0.0016  0.0001  0.0016  0.0005  0.0745  0.0710  0.0001  0.0002  0.0016  0.0016  0.0001  0.0016  0.1126  0.7328
    2  0.0001  0.0016  0.0001  0.0016  0.0016  0.0016  0.0016  0.0001  0.0016  0.0016  0.0016  0.0016  0.0016  0.0016  0.9821
    3  0.0001  0.0016  0.0001  0.0016  0.0001  0.0007  0.0016  0.0001  0.0016  0.0016  0.0016  0.0001  0.0016  0.0010  0.9866
    4  0.0001  0.0001  0.0016  0.0001  0.0016  0.0001  0.0016  0.0001  0.0016  0.0016  0.2840  0.0016  0.0000  0.0001  0.7058
    5  0.0001  0.0001  0.0016  0.0001  0.0001  0.0001  0.0001  0.0001  0.0016  0.0001  0.0001  0.0016  0.0001  0.0016  0.9926
    6  0.0016  0.0016  0.0016  0.0016  0.0016  0.1178  0.0016  0.0993  0.0016  0.0016  0.0016  0.0016  0.0016  0.0016  0.7637
    7  0.0001  0.0016  0.0016  0.0016  0.0016  0.1843  0.0993  0.0001  0.0016  0.0016  0.0016  0.0002  0.0016  0.0016  0.7016
    8  0.0001  0.0001  0.0016  0.0001  0.0001  0.5937  0.0001  0.0001  0.0001  0.0001  0.0001  0.0001  0.0001  0.0016  0.4020
    9  0.0016  0.0016  0.0016  0.0016  0.0016  0.0016  0.0016  0.0001  0.0001  0.0016  0.0016  0.0016  0.0016  0.0016  0.9806
   10  0.0001  0.0001  0.0001  0.0016  0.0001  0.0001  0.0001  0.0001  0.0001  0.9792  0.0001  0.0001  0.0001  0.0001  0.0180
   11  0.0355  0.0016  0.0016  0.0016  0.0001  0.0016  0.0016  0.0001  0.0016  0.0016  0.0001  0.0016  0.0016  0.0016  0.9482
   12  0.0001  0.0016  0.0001  0.0016  0.0016  0.0016  0.0001  0.0017  0.0016  0.0016  0.0016  0.0001  0.0001  0.0016  0.9850
   13  0.0016  0.0016  0.0016  0.0016  0.0016  0.0016  0.0016  0.0017  0.0016  0.0016  0.0016  0.0016  0.0001  0.0016  0.9790
   14  0.0001  0.0769  0.0001  0.0016  0.0001  0.0016  0.0001  0.0001  0.0016  0.0016  0.0700  0.0001  0.0816  0.2613  0.5032

Candidate parent sampling proportions: lower (L) and upper (U) bounds of CI95
  Pop    CI_L(Male)    CI_U(Male)  CI_L(Female)  CI_U(Female)
    1        0.0001        0.7376        0.7375        0.9937
    2        0.2891        1.0000        0.0001        0.7817
    3        0.0001        1.0000        0.0001        1.0000
    4        0.0001        1.0000        0.0001        1.0000
    5        0.0001        1.0000        0.0001        1.0000
    6        0.1913        0.9610        0.2515        0.8101
    7        0.2869        1.0000        0.0624        0.7500
    8        0.2500        1.0000        0.3091        1.0000
    9        0.0001        1.0000        0.0001        1.0000
   10        0.0001        0.7432        0.0001        1.0000
   11        0.2500        0.9181        0.3089        1.0000
   12        0.0001        1.0000        0.0001        1.0000
   13        0.5451        1.0000        0.1936        1.0000
   14        0.1273        0.7515        0.0317        0.5451

Immigration rates to pop I (Row) from pop J (Col): lower (L) and upper (U) bounds of CI95

 PopI     CI_L(J=1)     CI_U(J=1)     CI_L(J=2)     CI_U(J=2)     CI_L(J=3)     CI_U(J=3)     CI_L(J=4)     CI_U(J=4)     CI_L(J=5)     CI_U(J=5)     CI_L(J=6)     CI_U(J=6)     CI_L(J=7)     CI_U(J=7)     CI_L(J=8)     CI_U(J=8)     CI_L(J=9)     CI_U(J=9)    CI_L(J=10)    CI_U(J=10)    CI_L(J=11)    CI_U(J=11)    CI_L(J=12)    CI_U(J=12)    CI_L(J=13)    CI_U(J=13)    CI_L(J=14)    CI_U(J=14)
    1        0.0001        0.1908        0.0001        0.5276        0.0001        0.3086        0.0001        0.5276        0.0001        0.2361        0.0494        0.5365        0.0188        0.3576        0.0001        0.1745        0.0001        0.8103        0.0001        0.7354        0.0001        0.5171        0.0001        0.8807        0.0007        0.4995        0.0328        0.7893
    2        0.0001        0.7632        0.0001        0.7607        0.0001        0.4093        0.0001        0.5556        0.0001        0.9985        0.0001        0.5282        0.0001        0.5107        0.0001        0.4977        0.0001        0.9985        0.0001        0.9985        0.0001        0.8359        0.0001        0.9985        0.0001        0.5944        0.0001        0.9985
    3        0.0001        0.5035        0.0001        0.5041        0.0001        0.8638        0.0001        0.5273        0.0001        0.9985        0.0001        0.9985        0.0001        0.9985        0.0001        0.4993        0.0001        0.9985        0.0001        0.9985        0.0001        0.8081        0.0001        0.9985        0.0001        0.4894        0.0001        0.9985
    4        0.0001        0.5034        0.0001        0.3977        0.0001        0.5278        0.0001        0.6171        0.0001        0.5001        0.0001        0.3092        0.0001        0.5438        0.0001        0.2120        0.0001        0.5278        0.0001        0.4572        0.0336        0.7265        0.0001        0.6174        0.0001        0.1876        0.0001        0.4265
    5        0.0001        0.3824        0.0001        0.4993        0.0001        0.4894        0.0001        0.6900        0.0001        0.9985        0.0001        0.5721        0.0001        0.9985        0.0001        0.2358        0.0001        0.9985        0.0001        0.9985        0.0001        0.6796        0.0001        0.9985        0.0001        0.3086        0.0001        0.9985
    6        0.0001        0.4511        0.0001        0.4894        0.0006        0.4725        0.0001        0.5107        0.0001        0.5213        0.0369        0.7263        0.0001        0.4576        0.0521        0.3772        0.0001        0.7869        0.0001        0.5263        0.0001        0.4511        0.0001        0.8187        0.0006        0.5001        0.0005        0.8343
    7        0.0001        0.4609        0.0001        0.5006        0.0001        0.4551        0.0001        0.5132        0.0001        0.5001        0.0353        0.8969        0.0424        0.3772        0.0001        0.1906        0.0001        0.8793        0.0001        0.6904        0.0001        0.6156        0.0001        0.5272        0.0001        0.5450        0.0001        0.6627
    8        0.0001        0.2086        0.0001        0.6170        0.0010        0.5303        0.0001        0.2570        0.0001        0.6171        0.4277        0.9985        0.0001        0.3086        0.0001        0.4978        0.0001        0.4993        0.0001        0.6859        0.0001        0.4995        0.0001        0.4371        0.0001        0.5271        0.0001        0.8081
    9        0.0007        0.4763        0.0001        0.4893        0.0006        0.5001        0.0001        0.4729        0.0001        0.9985        0.0009        0.5172        0.0007        0.5016        0.0001        0.2056        0.0001        0.9985        0.0001        0.9985        0.0001        0.4723        0.0001        0.9985        0.0001        0.7076        0.0001        0.9985
   10        0.0001        0.4862        0.0001        0.3577        0.0001        0.8080        0.0001        0.5450        0.0001        0.9985        0.0001        0.3086        0.0001        0.9985        0.0001        0.3708        0.0001        0.9985        0.0001        0.9985        0.0001        0.4887        0.0001        0.9985        0.0001        0.6556        0.0001        0.9985
   11        0.0101        0.7302        0.0001        0.5174        0.0001        0.5278        0.0001        0.4698        0.0001        0.6156        0.0001        0.4723        0.0001        0.5450        0.0001        0.3102        0.0009        0.8808        0.0001        0.8808        0.0001        0.4240        0.0001        0.8081        0.0001        0.5450        0.0001        0.7355
   12        0.0001        0.2292        0.0001        0.4997        0.0001        0.4995        0.0001        0.4829        0.0001        0.9985        0.0001        0.5006        0.0001        0.6171        0.0001        0.7894        0.0001        0.9985        0.0006        0.9985        0.0006        0.8081        0.0001        0.9985        0.0001        0.5206        0.0001        0.9985
   13        0.0001        0.5309        0.0001        0.5278        0.0001        0.5169        0.0001        0.5006        0.0001        0.9985        0.0001        0.5303        0.0001        0.9985        0.0004        0.8808        0.0001        0.9985        0.0001        0.9985        0.0001        0.9985        0.0001        0.9985        0.0001        0.5721        0.0001        0.5000
   14        0.0001        0.5787        0.0385        0.8384        0.0001        0.4993        0.0001        0.5107        0.0001        0.4255        0.0001        0.4551        0.0001        0.1911        0.0001        0.1916        0.0001        0.6970        0.0001        0.6904        0.0133        0.5609        0.0001        0.4375        0.0312        0.5401        0.0797        0.7598
