**************************************************
           Output from program MigEst
**************************************************


Input file: MigEst.in
Analysis conducted: 22/09/2018  at 26/21/01

Maximum Log Likelihood:     -4.180627E+01

Candidate parent sampling proportions: ML estimates
  Pop     Males   Females
    1    0.0001    0.1601
    2    0.0001    0.0001
    3    0.0001    0.0001
    4    0.0001    0.0001
    5    0.0001    0.0001
    6    0.5000    0.9999
    7    0.9999    0.9999
    8    0.9999    0.0001
    9    0.0001    0.0001
   10    0.4498    0.0001
   11    0.0001    0.0001
   12    0.0001    0.0001

Immigration rates to pop I (Row) from pop J (Col): ML estimates
  Pop    Pop1    Pop2    Pop3    Pop4    Pop5    Pop6    Pop7    Pop8    Pop9   Pop10   Pop11   Pop12   Ghost
    1  0.7115  0.0854  0.0016  0.0002  0.0002  0.0590  0.0560  0.0001  0.0003  0.0001  0.0012  0.0002  0.0842
    2  0.0001  0.9978  0.0002  0.0001  0.0001  0.0001  0.0001  0.0001  0.0002  0.0001  0.0001  0.0001  0.0009
    3  0.0001  0.0002  0.9978  0.0001  0.0001  0.0001  0.0001  0.0001  0.0001  0.0001  0.0001  0.0001  0.0010
    4  0.0001  0.0002  0.0002  0.9978  0.0001  0.0001  0.0001  0.0001  0.0001  0.0001  0.0002  0.0002  0.0007
    5  0.0002  0.0002  0.0001  0.0002  0.0001  0.0002  0.0001  0.0001  0.0002  0.0002  0.0002  0.0002  0.9980
    6  0.0002  0.0002  0.0002  0.0002  0.0039  0.1028  0.0002  0.0275  0.0002  0.0002  0.0002  0.0002  0.8640
    7  0.0001  0.0002  0.0002  0.0002  0.0002  0.1814  0.0001  0.0001  0.0002  0.0002  0.0002  0.0002  0.8167
    8  0.0002  0.0001  0.0002  0.0002  0.0002  0.0002  0.0002  0.0001  0.0002  0.0002  0.0002  0.0002  0.9978
    9  0.1534  0.0002  0.0002  0.0002  0.0002  0.0001  0.0001  0.0001  0.0001  0.0002  0.0001  0.0002  0.8449
   10  0.0002  0.0001  0.0001  0.0002  0.0002  0.0002  0.0001  0.0001  0.0002  0.0002  0.0002  0.0002  0.9980
   11  0.0002  0.0002  0.0002  0.0001  0.0001  0.0001  0.0001  0.0001  0.0001  0.0001  0.0001  0.0002  0.9984
   12  0.0002  0.0002  0.0002  0.0003  0.0002  0.0002  0.0000  0.0001  0.0002  0.0629  0.0000  0.0001  0.9354

Candidate parent sampling proportions: lower (L) and upper (U) bounds of CI95
  Pop    CI_L(Male)    CI_U(Male)  CI_L(Female)  CI_U(Female)
    1        0.0001        0.3354        0.1251        1.0000
    2        0.0001        1.0000        0.0001        1.0000
    3        0.0001        1.0000        0.0001        1.0000
    4        0.0001        1.0000        0.0001        1.0000
    5        0.0001        1.0000        0.0001        1.0000
    6        0.0902        0.9508        0.1984        1.0000
    7        0.2916        1.0000        0.3371        1.0000
    8        0.6885        1.0000        0.0001        0.9101
    9        0.0001        1.0000        0.0001        1.0000
   10        0.1391        1.0000        0.0001        0.5729
   11        0.0001        1.0000        0.0001        1.0000
   12        0.0001        1.0000        0.0001        1.0000

Immigration rates to pop I (Row) from pop J (Col): lower (L) and upper (U) bounds of CI95

 PopI     CI_L(J=1)     CI_U(J=1)     CI_L(J=2)     CI_U(J=2)     CI_L(J=3)     CI_U(J=3)     CI_L(J=4)     CI_U(J=4)     CI_L(J=5)     CI_U(J=5)     CI_L(J=6)     CI_U(J=6)     CI_L(J=7)     CI_U(J=7)     CI_L(J=8)     CI_U(J=8)     CI_L(J=9)     CI_U(J=9)    CI_L(J=10)    CI_U(J=10)    CI_L(J=11)    CI_U(J=11)    CI_L(J=12)    CI_U(J=12)
    1        0.4890        0.9099        0.0001        0.9358        0.0001        0.8067        0.0001        0.4995        0.0001        0.6902        0.0253        0.3332        0.0092        0.6811        0.0001        0.7630        0.0001        0.7392        0.0001        0.5102        0.0001        0.4999        0.0001        0.4544
    2        0.0001        0.9987        0.0001        0.9987        0.0001        0.9987        0.0001        0.9987        0.0001        0.9987        0.0001        0.8368        0.0001        0.9987        0.0001        0.9987        0.0001        0.9987        0.0001        0.9987        0.0001        0.9987        0.0001        0.9987
    3        0.0001        0.9987        0.0001        0.9987        0.0001        0.9987        0.0001        0.9987        0.0001        0.9987        0.0001        0.9987        0.0001        0.9987        0.0001        0.9987        0.0001        0.9987        0.0001        0.9987        0.0001        0.9987        0.0001        0.9987
    4        0.0001        0.9987        0.0001        0.9987        0.0001        0.9987        0.0001        0.9987        0.0001        0.9987        0.0001        0.6176        0.0001        0.6173        0.0001        0.9987        0.0001        0.9987        0.0001        0.9987        0.0001        0.9987        0.0001        0.9987
    5        0.0001        0.9987        0.0001        0.9987        0.0001        0.9987        0.0001        0.9987        0.0001        0.9987        0.0001        0.5617        0.0001        0.4266        0.0001        0.9987        0.0001        0.9987        0.0001        0.9987        0.0001        0.9987        0.0001        0.9987
    6        0.0001        0.7908        0.0001        0.6901        0.0001        0.6901        0.0001        0.1909        0.0001        0.6742        0.0382        0.3179        0.0001        0.1177        0.0064        0.5131        0.0001        0.2705        0.0001        0.8806        0.0001        0.5273        0.0001        0.6811
    7        0.0001        0.8359        0.0001        0.3194        0.0001        0.2081        0.0001        0.2917        0.0001        0.3801        0.0085        0.4112        0.0001        0.6901        0.0001        0.8070        0.0001        0.0730        0.0001        0.7114        0.0001        0.4722        0.0001        0.8076
    8        0.0001        0.9987        0.0001        0.9987        0.0001        0.9987        0.0001        0.9987        0.0001        0.9987        0.0001        0.8810        0.0001        0.6623        0.0001        0.9987        0.0001        0.9987        0.0001        0.9987        0.0001        0.9987        0.0001        0.9987
    9        0.1007        0.9987        0.0001        0.8808        0.0001        0.4995        0.0001        0.7630        0.0001        0.3775        0.0001        0.3644        0.0001        0.4600        0.0001        0.1908        0.0001        0.5104        0.0001        0.6892        0.0001        0.7286        0.0001        0.6801
   10        0.0001        0.9987        0.0001        0.9987        0.0001        0.9987        0.0001        0.9987        0.0001        0.9987        0.0001        0.1221        0.0001        0.5038        0.0001        0.9987        0.0001        0.9987        0.0001        0.9987        0.0001        0.9987        0.0001        0.9987
   11        0.0001        0.9987        0.0001        0.9987        0.0001        0.9987        0.0001        0.9987        0.0001        0.9987        0.0001        0.7651        0.0001        0.7351        0.0001        0.9987        0.0001        0.9987        0.0001        0.9987        0.0001        0.9987        0.0001        0.9987
   12        0.0001        0.5010        0.0001        0.2000        0.0001        0.5722        0.0001        0.5728        0.0001        0.4888        0.0001        0.1206        0.0001        0.8070        0.0001        0.6795        0.0001        0.3090        0.0298        0.9987        0.0001        0.1468        0.0001        0.6903
