**************************************************
           Output from program MigEst
**************************************************


Input file: MigEst.in
Analysis conducted: 12/06/2019  at 34/26/23

Maximum Log Likelihood:     -1.742782E+01

Candidate parent sampling proportions: ML estimates
  Pop     Males   Females
    1    0.0001    0.0001
    2    0.0001    0.0001
    3    0.0001    0.0001
    4    0.0001    0.0001
    5    0.0001    0.0001
    6    0.0001    0.0001
    7    0.9999    0.9999
    8    0.0001    0.0001
    9    0.0001    0.0001
   10    0.0001    0.0855
   11    0.9999    0.9999
   12    0.2443    0.2443
   13    0.0001    0.0001

Immigration rates to pop I (Row) from pop J (Col): ML estimates
  Pop    Pop1    Pop2    Pop3    Pop4    Pop5    Pop6    Pop7    Pop8    Pop9   Pop10   Pop11   Pop12   Pop13   Ghost
    1  0.9616  0.0033  0.0032  0.0033  0.0032  0.0032  0.0033  0.0032  0.0032  0.0031  0.0031  0.0031  0.0032  0.0000
    2  0.0032  0.9616  0.0001  0.0032  0.0032  0.0032  0.0001  0.0001  0.0001  0.0001  0.0001  0.0001  0.0032  0.0217
    3  0.0032  0.0001  0.0001  0.0000  0.0001  0.0032  0.2000  0.0032  0.0001  0.0001  0.0001  0.0001  0.0001  0.7896
    4  0.0001  0.0001  0.0033  0.9616  0.0032  0.0001  0.0001  0.0001  0.0032  0.0001  0.0001  0.0001  0.0032  0.0247
    5  0.0032  0.0032  0.0033  0.0032  0.9617  0.0032  0.0032  0.0033  0.0032  0.0032  0.0032  0.0029  0.0032  0.0000
    6  0.0032  0.0032  0.0001  0.0032  0.0032  0.9616  0.0001  0.0001  0.0032  0.0001  0.0001  0.0001  0.0001  0.0217
    7  0.0032  0.0032  0.0032  0.0032  0.0033  0.0033  0.9616  0.0032  0.0032  0.0031  0.0033  0.0030  0.0032  0.0000
    8  0.0032  0.0032  0.0001  0.0032  0.0001  0.0032  0.0001  0.9616  0.0001  0.0001  0.0001  0.0001  0.0032  0.0217
    9  0.0032  0.0032  0.0033  0.0032  0.0033  0.0033  0.0032  0.0032  0.9616  0.0031  0.0031  0.0031  0.0032  0.0000
   10  0.0032  0.0001  0.0001  0.0032  0.0001  0.0001  0.0001  0.0032  0.0000  0.7505  0.0634  0.2351  0.0032  0.0000
   11  0.0032  0.0001  0.0033  0.0032  0.0032  0.0001  0.0032  0.0032  0.0032  0.0032  0.0001  0.0032  0.0032  0.9676
   12  0.0032  0.0033  0.0032  0.0033  0.0032  0.0032  0.0032  0.0032  0.0033  0.0031  0.0033  0.9613  0.0032  0.0000
   13  0.0032  0.0032  0.0001  0.0032  0.0032  0.0032  0.0016  0.0032  0.0032  0.0017  0.0001  0.0001  0.0001  0.9739

Candidate parent sampling proportions: lower (L) and upper (U) bounds of CI95
  Pop    CI_L(Male)    CI_U(Male)  CI_L(Female)  CI_U(Female)
    1        0.0001        1.0000        0.0001        1.0000
    2        0.0001        1.0000        0.0001        1.0000
    3        0.0001        1.0000        0.0001        1.0000
    4        0.0001        1.0000        0.0001        1.0000
    5        0.0001        1.0000        0.0001        1.0000
    6        0.0001        1.0000        0.0001        1.0000
    7        0.1632        1.0000        0.1460        1.0000
    8        0.0001        1.0000        0.0001        1.0000
    9        0.0001        1.0000        0.0001        1.0000
   10        0.0001        0.8353        0.0428        1.0000
   11        0.1287        1.0000        0.1181        1.0000
   12        0.0636        0.9065        0.0934        0.9062
   13        0.0001        1.0000        0.0001        1.0000

Immigration rates to pop I (Row) from pop J (Col): lower (L) and upper (U) bounds of CI95

 PopI     CI_L(J=1)     CI_U(J=1)     CI_L(J=2)     CI_U(J=2)     CI_L(J=3)     CI_U(J=3)     CI_L(J=4)     CI_U(J=4)     CI_L(J=5)     CI_U(J=5)     CI_L(J=6)     CI_U(J=6)     CI_L(J=7)     CI_U(J=7)     CI_L(J=8)     CI_U(J=8)     CI_L(J=9)     CI_U(J=9)    CI_L(J=10)    CI_U(J=10)    CI_L(J=11)    CI_U(J=11)    CI_L(J=12)    CI_U(J=12)    CI_L(J=13)    CI_U(J=13)
    1        0.0001        0.9986        0.0001        0.9986        0.0001        0.9986        0.0001        0.9986        0.0001        0.9986        0.0001        0.9986        0.0001        0.9986        0.0001        0.9986        0.0001        0.9986        0.0001        0.9986        0.0001        0.9986        0.0001        0.9986        0.0001        0.9986
    2        0.0001        0.9986        0.0001        0.9986        0.0001        0.9986        0.0001        0.9986        0.0001        0.9986        0.0001        0.9986        0.0001        0.8241        0.0001        0.9986        0.0001        0.9986        0.0001        0.9986        0.0001        0.8661        0.0001        0.9986        0.0001        0.9986
    3        0.0001        0.2684        0.0001        0.1908        0.0001        0.9192        0.0001        0.8119        0.0001        0.6000        0.0001        0.3728        0.0102        0.7518        0.0001        0.4722        0.0001        0.6000        0.0001        0.7737        0.0001        0.3466        0.0001        0.6900        0.0001        0.6895
    4        0.0001        0.9986        0.0001        0.9986        0.0001        0.9986        0.0001        0.9986        0.0001        0.9986        0.0001        0.9986        0.0001        0.8458        0.0001        0.9986        0.0001        0.9986        0.0001        0.9986        0.0001        0.8565        0.0001        0.9986        0.0001        0.9986
    5        0.0001        0.9986        0.0001        0.9986        0.0001        0.9986        0.0001        0.9986        0.0001        0.9986        0.0001        0.9986        0.0001        0.9986        0.0001        0.9986        0.0001        0.9986        0.0001        0.9986        0.0001        0.9986        0.0001        0.9986        0.0001        0.9986
    6        0.0001        0.9986        0.0001        0.9986        0.0001        0.9986        0.0001        0.9986        0.0001        0.9986        0.0001        0.9986        0.0001        0.2358        0.0001        0.9986        0.0001        0.9986        0.0001        0.9986        0.0001        0.2358        0.0001        0.9986        0.0001        0.9986
    7        0.0001        0.9986        0.0001        0.9986        0.0001        0.9986        0.0001        0.9986        0.0001        0.9986        0.0001        0.9986        0.0001        0.9986        0.0001        0.9986        0.0001        0.9986        0.0001        0.9986        0.0001        0.9986        0.0001        0.9986        0.0001        0.9986
    8        0.0001        0.9986        0.0001        0.9986        0.0001        0.9986        0.0001        0.9986        0.0001        0.9986        0.0001        0.9986        0.0001        0.2636        0.0001        0.9986        0.0001        0.9986        0.0001        0.9986        0.0001        0.4044        0.0001        0.9986        0.0001        0.9986
    9        0.0001        0.9986        0.0001        0.9986        0.0001        0.9986        0.0001        0.9986        0.0001        0.9986        0.0001        0.9986        0.0001        0.9986        0.0001        0.9986        0.0001        0.9986        0.0001        0.9986        0.0001        0.9986        0.0001        0.9986        0.0001        0.9986
   10        0.0001        0.3108        0.0001        0.8341        0.0001        0.8805        0.0001        0.6459        0.0001        0.8366        0.0001        0.6242        0.0001        0.6272        0.0001        0.6565        0.0001        0.8826        0.6962        0.9518        0.0159        0.3202        0.0870        0.4727        0.0001        0.8085
   11        0.0001        0.9986        0.0001        0.9986        0.0001        0.9986        0.0001        0.9986        0.0001        0.9986        0.0001        0.9986        0.0001        0.6421        0.0001        0.9986        0.0001        0.9986        0.0001        0.9986        0.0001        0.6348        0.0001        0.9986        0.0001        0.9986
   12        0.0001        0.9986        0.0001        0.9986        0.0001        0.9986        0.0001        0.9986        0.0001        0.9986        0.0001        0.9986        0.0001        0.9986        0.0001        0.9986        0.0001        0.9986        0.0001        0.9986        0.0001        0.9986        0.0001        0.9986        0.0001        0.9986
   13        0.0001        0.9986        0.0001        0.9986        0.0001        0.9986        0.0001        0.9986        0.0001        0.9986        0.0001        0.9986        0.0001        0.2262        0.0001        0.9986        0.0001        0.9986        0.0001        0.9986        0.0001        0.2354        0.0001        0.9986        0.0001        0.9986
