**************************************************
           Output from program MigEst
**************************************************


Input file: MigEst.in
Analysis conducted: 14/06/2019  at 02/59/07

Maximum Log Likelihood:     -9.680623E+01

Candidate parent sampling proportions: ML estimates
  Pop     Males   Females
    1    0.0001    0.0001
    2    0.0001    0.0001
    3    0.0001    0.0001
    4    0.0001    0.0001
    5    0.0001    0.0327
    6    0.0001    0.0001
    7    0.0001    0.1234
    8    0.2795    0.5590
    9    0.0001    0.0001
   10    0.0001    0.0001
   11    0.0001    0.0001
   12    0.0001    0.0001
   13    0.0597    0.0001
   14    0.0001    0.0001
   15    0.0001    0.0001
   16    0.9999    0.9999
   17    0.5978    0.4270

Immigration rates to pop I (Row) from pop J (Col): ML estimates
  Pop    Pop1    Pop2    Pop3    Pop4    Pop5    Pop6    Pop7    Pop8    Pop9   Pop10   Pop11   Pop12   Pop13   Pop14   Pop15   Pop16   Pop17   Ghost
    1  0.0001  0.0513  0.0001  0.0001  0.0512  0.0512  0.0001  0.0001  0.0512  0.0512  0.0512  0.0512  0.0512  0.0001  0.0512  0.0001  0.0001  0.5383
    2  0.0001  0.1809  0.0001  0.0512  0.0511  0.0001  0.0002  0.0001  0.0001  0.0512  0.0512  0.0512  0.0001  0.0512  0.0512  0.0001  0.0001  0.4598
    3  0.0512  0.0001  0.1808  0.0001  0.0512  0.0512  0.0001  0.0001  0.0512  0.0512  0.0512  0.0001  0.0512  0.0001  0.0001  0.0001  0.0001  0.4599
    4  0.0512  0.0513  0.0512  0.0001  0.0512  0.0512  0.0001  0.1594  0.0512  0.0001  0.0003  0.0512  0.0001  0.0512  0.0007  0.0001  0.1167  0.3127
    5  0.0512  0.0513  0.0512  0.0001  0.1808  0.0001  0.0001  0.0001  0.0001  0.0512  0.0512  0.0512  0.0512  0.0512  0.0512  0.0001  0.0001  0.3576
    6  0.0001  0.0513  0.0512  0.0001  0.0512  0.1808  0.0001  0.0001  0.0001  0.0512  0.0001  0.0512  0.0512  0.0512  0.0512  0.0001  0.0001  0.4087
    7  0.0001  0.0001  0.0001  0.0003  0.0002  0.0001  0.7850  0.1742  0.0001  0.0001  0.0001  0.0001  0.0001  0.0001  0.0002  0.0001  0.1433  0.0000
    8  0.0001  0.0001  0.0001  0.0001  0.0001  0.0001  0.0001  0.1025  0.0002  0.0001  0.0002  0.0007  0.7370  0.0001  0.0001  0.0466  0.0905  0.0212
    9  0.0512  0.0513  0.0001  0.0512  0.0512  0.0512  0.0001  0.0001  0.0001  0.0512  0.0512  0.0512  0.0512  0.0512  0.0512  0.0001  0.0001  0.4361
   10  0.0512  0.0513  0.0512  0.0001  0.0512  0.0512  0.0512  0.0001  0.0512  0.0001  0.0512  0.0512  0.0512  0.0512  0.0001  0.0001  0.0001  0.4361
   11  0.0512  0.0513  0.0001  0.0512  0.0512  0.0013  0.0001  0.0001  0.0001  0.0001  0.1808  0.0512  0.0512  0.0512  0.0512  0.0001  0.1547  0.2529
   12  0.0515  0.0514  0.0514  0.0513  0.0514  0.0515  0.0507  0.0501  0.0513  0.0513  0.0514  0.1810  0.0514  0.0515  0.0512  0.0517  0.0499  0.0000
   13  0.0001  0.0513  0.0512  0.0512  0.0512  0.0001  0.0504  0.0512  0.0001  0.0001  0.0512  0.0512  0.0009  0.0512  0.0512  0.0001  0.0001  0.4872
   14  0.0513  0.0515  0.0512  0.0515  0.0512  0.0516  0.0513  0.0500  0.0518  0.0514  0.0513  0.0514  0.0509  0.1809  0.0513  0.0516  0.0498  0.0000
   15  0.0001  0.0513  0.0511  0.0512  0.0512  0.0512  0.0002  0.0001  0.0512  0.0512  0.0512  0.0512  0.0512  0.0512  0.0001  0.0001  0.0001  0.4361
   16  0.0512  0.0513  0.0001  0.0512  0.0512  0.0512  0.0002  0.0001  0.0001  0.0512  0.0512  0.0001  0.0511  0.0001  0.0512  0.1808  0.0001  0.3576
   17  0.0000  0.0001  0.0001  0.0004  0.9073  0.0001  0.0000  0.1018  0.0001  0.0001  0.0001  0.0001  0.0001  0.0000  0.0001  0.0001  0.1341  0.0000

Candidate parent sampling proportions: lower (L) and upper (U) bounds of CI95
  Pop    CI_L(Male)    CI_U(Male)  CI_L(Female)  CI_U(Female)
    1        0.0001        0.4721        0.0001        1.0000
    2        0.0001        1.0000        0.0001        1.0000
    3        0.0001        1.0000        0.0001        1.0000
    4        0.0001        1.0000        0.0001        1.0000
    5        0.0001        0.5000        0.0161        1.0000
    6        0.0001        1.0000        0.0001        0.5106
    7        0.0001        0.8087        0.0147        1.0000
    8        0.0878        0.6318        0.2787        0.7911
    9        0.0001        1.0000        0.0001        1.0000
   10        0.0001        1.0000        0.0001        1.0000
   11        0.0001        1.0000        0.0001        1.0000
   12        0.0001        1.0000        0.0001        1.0000
   13        0.0283        1.0000        0.0001        0.1460
   14        0.0001        1.0000        0.0001        1.0000
   15        0.0001        1.0000        0.0001        1.0000
   16        0.6114        1.0000        0.5279        1.0000
   17        0.1515        0.8756        0.1662        0.7135

Immigration rates to pop I (Row) from pop J (Col): lower (L) and upper (U) bounds of CI95

 PopI     CI_L(J=1)     CI_U(J=1)     CI_L(J=2)     CI_U(J=2)     CI_L(J=3)     CI_U(J=3)     CI_L(J=4)     CI_U(J=4)     CI_L(J=5)     CI_U(J=5)     CI_L(J=6)     CI_U(J=6)     CI_L(J=7)     CI_U(J=7)     CI_L(J=8)     CI_U(J=8)     CI_L(J=9)     CI_U(J=9)    CI_L(J=10)    CI_U(J=10)    CI_L(J=11)    CI_U(J=11)    CI_L(J=12)    CI_U(J=12)    CI_L(J=13)    CI_U(J=13)    CI_L(J=14)    CI_U(J=14)    CI_L(J=15)    CI_U(J=15)    CI_L(J=16)    CI_U(J=16)    CI_L(J=17)    CI_U(J=17)
    1        0.0001        0.9982        0.0257        0.9982        0.0001        0.9982        0.0001        0.9982        0.0001        0.9982        0.0001        0.9982        0.0001        0.5442        0.0001        0.4992        0.0150        0.9982        0.0001        0.9982        0.0001        0.9982        0.0001        0.9982        0.0001        0.9982        0.0001        0.9982        0.0001        0.9982        0.0001        0.4991        0.0001        0.3202
    2        0.0001        0.9982        0.1118        0.9982        0.0001        0.9982        0.0001        0.9982        0.0001        0.9982        0.0001        0.9982        0.0001        0.9982        0.0001        0.5441        0.0001        0.9982        0.0001        0.9982        0.0001        0.9982        0.0001        0.9982        0.0001        0.9982        0.0001        0.9982        0.0001        0.9982        0.0001        0.4991        0.0001        0.9982
    3        0.0108        0.9982        0.0001        0.9982        0.0001        0.9982        0.0001        0.9982        0.0001        0.9982        0.0001        0.9982        0.0001        0.9982        0.0001        0.4991        0.0128        0.9982        0.0001        0.9982        0.0001        0.9982        0.0001        0.9982        0.0001        0.9982        0.0001        0.3348        0.0001        0.9982        0.0001        0.2189        0.0001        0.4991
    4        0.0159        0.7134        0.0255        0.7219        0.0001        0.7651        0.0001        0.4304        0.0001        0.5247        0.0001        0.6797        0.0001        0.6969        0.0470        0.7390        0.0136        0.5934        0.0001        0.5441        0.0001        0.7348        0.0001        0.5938        0.0001        0.3813        0.0001        0.8927        0.0001        0.8036        0.0001        0.1907        0.0579        0.5561
    5        0.0159        0.9982        0.0254        0.9982        0.0001        0.9982        0.0001        0.9982        0.0001        0.9982        0.0001        0.9982        0.0001        0.9982        0.0001        0.2634        0.0001        0.9982        0.0001        0.9982        0.0001        0.9982        0.0001        0.9982        0.0001        0.5283        0.0001        0.9982        0.0001        0.9982        0.0001        0.1907        0.0001        0.1907
    6        0.0001        0.9982        0.0254        0.9982        0.0001        0.9982        0.0001        0.9982        0.0001        0.9982        0.0001        0.9982        0.0001        0.9982        0.0001        0.5031        0.0001        0.9982        0.0001        0.9982        0.0001        0.9982        0.0001        0.9982        0.0001        0.9982        0.0001        0.9982        0.0001        0.9982        0.0001        0.3124        0.0001        0.5721
    7        0.0001        0.6913        0.0001        0.6898        0.0001        0.4992        0.0001        0.3087        0.0001        0.3258        0.0001        0.6104        0.6267        0.9250        0.0079        0.8646        0.0001        0.8066        0.0001        0.5713        0.0001        0.7348        0.0001        0.4713        0.0001        0.6900        0.0001        0.6448        0.0001        0.6830        0.0001        0.1625        0.0096        0.5708
    8        0.0001        0.8076        0.0001        0.6170        0.0001        0.7070        0.0001        0.6898        0.0001        0.5720        0.0001        0.5720        0.0001        0.3085        0.0260        0.2753        0.0002        0.4886        0.0001        0.8076        0.0001        0.5828        0.0001        0.3989        0.4212        0.9178        0.0001        0.4713        0.0001        0.7348        0.0090        0.1425        0.0164        0.4276
    9        0.0159        0.9982        0.0257        0.9982        0.0001        0.9982        0.0001        0.9982        0.0001        0.9982        0.0001        0.9982        0.0001        0.9982        0.0001        0.9982        0.0001        0.9982        0.0001        0.9982        0.0001        0.9982        0.0001        0.9982        0.0001        0.9982        0.0001        0.9982        0.0001        0.9982        0.0001        0.7348        0.0001        0.5714
   10        0.0159        0.9982        0.0254        0.9982        0.0001        0.9982        0.0001        0.9982        0.0001        0.9982        0.0001        0.9982        0.0001        0.9982        0.0001        0.9982        0.0099        0.9982        0.0001        0.9982        0.0001        0.9982        0.0001        0.9982        0.0001        0.9982        0.0001        0.9982        0.0001        0.9982        0.0001        0.7904        0.0001        0.9982
   11        0.0099        0.5247        0.0254        0.8859        0.0001        0.8076        0.0128        0.5674        0.0001        0.5247        0.0001        0.4099        0.0001        0.6901        0.0001        0.3085        0.0001        0.6898        0.0001        0.7348        0.0001        0.5301        0.0001        0.6205        0.0001        0.5938        0.0001        0.7056        0.0001        0.5285        0.0001        0.1907        0.1139        0.7375
   12        0.0038        0.9982        0.0053        0.9982        0.0001        0.9982        0.0001        0.9982        0.0001        0.9982        0.0001        0.9982        0.0001        0.9982        0.0001        0.6197        0.0090        0.9982        0.0001        0.9982        0.0001        0.9982        0.0001        0.9982        0.0001        0.9982        0.0001        0.9982        0.0001        0.9982        0.0273        0.9982        0.0192        0.9982
   13        0.0001        0.9982        0.0260        0.9982        0.0001        0.9982        0.0001        0.9982        0.0159        0.9982        0.0001        0.9982        0.0001        0.9982        0.0001        0.5232        0.0001        0.9982        0.0001        0.9982        0.0001        0.4820        0.0001        0.9982        0.0004        0.9982        0.0001        0.9982        0.0182        0.9982        0.0001        0.1195        0.0001        0.0441
   14        0.0095        0.9982        0.0167        0.9982        0.0001        0.9982        0.0221        0.9982        0.0001        0.9982        0.0001        0.9982        0.0001        0.9982        0.0001        0.9982        0.0062        0.9982        0.0001        0.9982        0.0001        0.9982        0.0001        0.9982        0.0001        0.9982        0.0001        0.9982        0.0001        0.9982        0.0001        0.9982        0.0155        0.9982
   15        0.0001        0.9982        0.0259        0.9982        0.0001        0.9982        0.0001        0.9982        0.0001        0.9982        0.0001        0.9982        0.0001        0.9982        0.0001        0.3536        0.0109        0.9982        0.0001        0.9982        0.0144        0.9982        0.0001        0.9982        0.0001        0.5899        0.0001        0.9982        0.0001        0.9982        0.0001        0.4198        0.0001        0.6898
   16        0.0104        0.7057        0.0254        0.7071        0.0001        0.4820        0.0001        0.7041        0.0001        0.7483        0.0001        0.6186        0.0001        0.6883        0.0001        0.3076        0.0001        0.5270        0.0001        0.7050        0.0001        0.6830        0.0001        0.7072        0.0001        0.5635        0.0001        0.5613        0.0001        0.5573        0.0338        0.4367        0.0001        0.2357
   17        0.0001        0.6169        0.0001        0.6897        0.0001        0.8077        0.0001        0.3087        0.1013        0.9353        0.0001        0.5719        0.0001        0.5279        0.0312        0.6154        0.0001        0.6898        0.0001        0.3192        0.0001        0.6832        0.0001        0.3073        0.0001        0.6962        0.0001        0.7176        0.0001        0.7044        0.0001        0.0450        0.0285        0.4663
