**************************************************
           Output from program MigEst
**************************************************


Input file: MigEst.in
Analysis conducted: 24/09/2018  at 32/38/10

Maximum Log Likelihood:     -1.724405E+02

Candidate parent sampling proportions: ML estimates
  Pop     Males   Females
    1    0.2104    0.3156
    2    0.0001    0.0001
    3    0.0001    0.0001
    4    0.0001    0.0001
    5    0.0001    0.1313
    6    0.0001    0.0001
    7    0.0519    0.0001
    8    0.3918    0.3918
    9    0.0001    0.0001
   10    0.0001    0.0001
   11    0.1159    0.0001
   12    0.5516    0.1103
   13    0.0001    0.0001
   14    0.0001    0.0001
   15    0.1777    0.0001
   16    0.1032    0.0516

Immigration rates to pop I (Row) from pop J (Col): ML estimates
  Pop    Pop1    Pop2    Pop3    Pop4    Pop5    Pop6    Pop7    Pop8    Pop9   Pop10   Pop11   Pop12   Pop13   Pop14   Pop15   Pop16   Ghost
    1  0.0001  0.0001  0.0001  0.0001  0.0002  0.0001  0.0001  0.2832  0.0001  0.0001  0.0001  0.0001  0.0001  0.0001  0.0001  0.0001  0.7152
    2  0.0001  0.0001  0.0001  0.0002  0.0001  0.0003  0.0001  0.0000  0.0001  0.0001  0.0001  0.0001  0.0003  0.0001  0.0001  0.0000  0.9981
    3  0.0001  0.0001  0.0001  0.0001  0.0001  0.0001  0.0001  0.0001  0.0001  0.0002  0.0001  0.0001  0.0001  0.0001  0.0001  0.0001  0.9983
    4  0.0001  0.0001  0.0001  0.0001  0.0001  0.0001  0.0001  0.1059  0.0002  0.0002  0.0001  0.0001  0.0001  0.0001  0.0001  0.0001  0.8924
    5  0.0001  0.0001  0.0001  0.0002  0.0001  0.0001  0.0001  0.0001  0.0001  0.0001  0.0001  0.2150  0.0001  0.0001  0.0001  0.0001  0.7834
    6  0.0001  0.0003  0.0001  0.0001  0.0000  0.0001  0.0001  0.0001  0.0001  0.0001  0.0001  0.0001  0.0001  0.0001  0.0000  0.0001  0.9984
    7  0.0001  0.0001  0.0001  0.0001  0.0001  0.0001  0.8033  0.1181  0.0001  0.0001  0.0001  0.0001  0.0002  0.0001  0.0001  0.0002  0.0770
    8  0.0290  0.0002  0.0001  0.0002  0.0001  0.0001  0.1903  0.1202  0.0002  0.0001  0.0002  0.0481  0.0001  0.0016  0.1475  0.1874  0.2746
    9  0.3170  0.0002  0.0001  0.0001  0.0001  0.0001  0.0001  0.0001  0.0001  0.0001  0.0001  0.0001  0.0001  0.0002  0.0001  0.0001  0.6813
   10  0.3491  0.0001  0.0001  0.0001  0.0001  0.0001  0.0001  0.4208  0.0002  0.0002  0.0001  0.3117  0.0001  0.0001  0.0000  0.0001  0.0000
   11  0.0001  0.0001  0.0001  0.0002  0.0001  0.0001  0.0001  0.2680  0.0001  0.0001  0.7146  0.0001  0.0001  0.0001  0.0001  0.0001  0.0159
   12  0.0001  0.0001  0.0001  0.0001  0.0001  0.0001  0.0002  0.0001  0.0001  0.0001  0.0001  0.0001  0.0001  0.0002  0.2132  0.0001  0.7851
   13  0.0001  0.0001  0.0001  0.0002  0.0001  0.0001  0.0001  0.0001  0.0001  0.0001  0.0001  0.0001  0.0001  0.0001  0.0001  0.0001  0.9983
   14  0.0001  0.0001  0.0001  0.0001  0.0001  0.0002  0.0001  0.0001  0.0001  0.0001  0.0001  0.0001  0.0001  0.0001  0.0001  0.0001  0.9983
   15  0.0001  0.0001  0.0002  0.0001  0.0001  0.0002  0.0001  0.3289  0.0001  0.0001  0.0001  0.0001  0.0001  0.0008  0.0001  0.3285  0.3403
   16  0.0001  0.0001  0.0001  0.0001  0.1298  0.0002  0.0001  0.1211  0.0001  0.0001  0.0001  0.0001  0.0004  0.0001  0.0001  0.0001  0.7473

Candidate parent sampling proportions: lower (L) and upper (U) bounds of CI95
  Pop    CI_L(Male)    CI_U(Male)  CI_L(Female)  CI_U(Female)
    1        0.1455        0.7559        0.0604        0.6601
    2        0.0001        1.0000        0.0001        0.6287
    3        0.0001        1.0000        0.0001        1.0000
    4        0.0001        0.4966        0.0001        0.3820
    5        0.0001        0.3157        0.0671        0.5564
    6        0.0001        1.0000        0.0001        1.0000
    7        0.0307        1.0000        0.0001        0.5006
    8        0.1208        0.5727        0.1918        0.8120
    9        0.0001        1.0000        0.0001        1.0000
   10        0.0001        1.0000        0.0001        1.0000
   11        0.0804        1.0000        0.0001        0.3829
   12        0.1705        0.7978        0.0898        0.4902
   13        0.0001        1.0000        0.0001        1.0000
   14        0.0001        1.0000        0.0001        0.7664
   15        0.1628        1.0000        0.0001        0.3861
   16        0.0638        1.0000        0.0099        0.4580

Immigration rates to pop I (Row) from pop J (Col): lower (L) and upper (U) bounds of CI95

 PopI     CI_L(J=1)     CI_U(J=1)     CI_L(J=2)     CI_U(J=2)     CI_L(J=3)     CI_U(J=3)     CI_L(J=4)     CI_U(J=4)     CI_L(J=5)     CI_U(J=5)     CI_L(J=6)     CI_U(J=6)     CI_L(J=7)     CI_U(J=7)     CI_L(J=8)     CI_U(J=8)     CI_L(J=9)     CI_U(J=9)    CI_L(J=10)    CI_U(J=10)    CI_L(J=11)    CI_U(J=11)    CI_L(J=12)    CI_U(J=12)    CI_L(J=13)    CI_U(J=13)    CI_L(J=14)    CI_U(J=14)    CI_L(J=15)    CI_U(J=15)    CI_L(J=16)    CI_U(J=16)
    1        0.0001        0.4370        0.0001        0.5017        0.0001        0.5204        0.0001        0.4992        0.0001        0.6899        0.0001        0.4993        0.0001        0.4886        0.1221        0.9983        0.0001        0.5270        0.0001        0.5033        0.0001        0.5009        0.0001        0.5270        0.0001        0.7348        0.0001        0.7624        0.0001        0.4986        0.0001        0.3020
    2        0.0001        0.5270        0.0001        0.9983        0.0001        0.9983        0.0001        0.4992        0.0001        0.9983        0.0001        0.9983        0.0001        0.9983        0.0001        0.9983        0.0001        0.9983        0.0001        0.9983        0.0001        0.9983        0.0001        0.9983        0.0002        0.9983        0.0001        0.9983        0.0001        0.4754        0.0001        0.9983
    3        0.0001        0.1918        0.0001        0.9983        0.0001        0.9983        0.0001        0.9983        0.0001        0.4992        0.0001        0.5036        0.0001        0.9983        0.0001        0.4264        0.0001        0.1907        0.0001        0.9983        0.0001        0.5270        0.0001        0.8803        0.0001        0.6251        0.0001        0.9983        0.0001        0.8077        0.0001        0.9983
    4        0.0001        0.4266        0.0001        0.3086        0.0001        0.1905        0.0001        0.4264        0.0001        0.3258        0.0001        0.4583        0.0001        0.4992        0.0311        0.3817        0.0001        0.3021        0.0001        0.4390        0.0001        0.5720        0.0001        0.3086        0.0001        0.8077        0.0001        0.3814        0.0001        0.5270        0.0001        0.8077
    5        0.0001        0.8117        0.0001        0.3089        0.0001        0.2913        0.0001        0.7086        0.0001        0.5680        0.0001        0.3101        0.0001        0.4990        0.0001        0.1932        0.0001        0.5270        0.0001        0.3086        0.0001        0.4992        0.1328        0.9983        0.0001        0.6788        0.0001        0.4992        0.0001        0.6155        0.0001        0.4876
    6        0.0001        0.3086        0.0001        0.2981        0.0001        0.3823        0.0001        0.9983        0.0001        0.9983        0.0001        0.9983        0.0001        0.9983        0.0001        0.3084        0.0001        0.9983        0.0001        0.9983        0.0001        0.9983        0.0001        0.9983        0.0001        0.9983        0.0001        0.9983        0.0001        0.9983        0.0001        0.9983
    7        0.0001        0.4436        0.0001        0.3020        0.0001        0.2917        0.0001        0.5114        0.0001        0.4264        0.0001        0.4990        0.1555        0.8813        0.0452        0.3749        0.0001        0.4264        0.0001        0.5008        0.0001        0.6904        0.0001        0.7733        0.0001        0.6727        0.0001        0.3808        0.0001        0.4992        0.0001        0.6621
    8        0.0035        0.2706        0.0001        0.6883        0.0001        0.1857        0.0001        0.6898        0.0001        0.3076        0.0001        0.1973        0.0588        0.7536        0.0109        0.4949        0.0001        0.6773        0.0001        0.4992        0.0001        0.7009        0.0093        0.7047        0.0001        0.8355        0.0001        0.8014        0.0631        0.7919        0.1074        0.7477
    9        0.1590        0.9983        0.0001        0.6900        0.0001        0.2186        0.0001        0.1892        0.0001        0.4264        0.0001        0.3126        0.0001        0.4992        0.0001        0.1867        0.0001        0.4992        0.0001        0.4304        0.0001        0.8010        0.0001        0.5720        0.0001        0.1907        0.0001        0.7627        0.0001        0.3192        0.0001        0.5745
   10        0.1506        0.5201        0.0001        0.4992        0.0001        0.4265        0.0001        0.3707        0.0001        0.1982        0.0001        0.3192        0.0001        0.3839        0.1301        0.7464        0.0001        0.6621        0.0001        0.4299        0.0001        0.3086        0.1332        0.5239        0.0001        0.5720        0.0001        0.1604        0.0001        0.5270        0.0001        0.2080
   11        0.0001        0.3814        0.0001        0.4992        0.0001        0.4498        0.0001        0.4314        0.0001        0.4992        0.0001        0.1907        0.0001        0.4986        0.0357        0.6538        0.0001        0.5073        0.0001        0.4992        0.2702        0.9441        0.0001        0.1801        0.0001        0.8462        0.0001        0.6858        0.0001        0.1802        0.0001        0.4992
   12        0.0001        0.2079        0.0001        0.5270        0.0001        0.3086        0.0001        0.3086        0.0001        0.4239        0.0001        0.4192        0.0001        0.7627        0.0001        0.1882        0.0001        0.4992        0.0001        0.3082        0.0001        0.6170        0.0001        0.4992        0.0001        0.6605        0.0001        0.6277        0.1075        0.9983        0.0001        0.8075
   13        0.0001        0.9983        0.0001        0.9983        0.0001        0.9983        0.0001        0.9983        0.0001        0.3961        0.0001        0.9983        0.0001        0.9983        0.0001        0.3364        0.0001        0.9983        0.0001        0.3814        0.0001        0.9983        0.0001        0.9983        0.0001        0.9983        0.0001        0.9983        0.0001        0.7348        0.0001        0.9983
   14        0.0001        0.1892        0.0001        0.5108        0.0001        0.9983        0.0001        0.9983        0.0001        0.9983        0.0001        0.9983        0.0001        0.3365        0.0001        0.4264        0.0001        0.9983        0.0001        0.9983        0.0001        0.7069        0.0001        0.6902        0.0001        0.9983        0.0001        0.6276        0.0001        0.7692        0.0001        0.9983
   15        0.0001        0.3829        0.0001        0.4992        0.0002        0.5099        0.0001        0.4567        0.0001        0.5139        0.0001        0.7055        0.0001        0.3126        0.1017        0.8709        0.0001        0.4264        0.0001        0.3814        0.0001        0.6898        0.0001        0.2529        0.0001        0.3814        0.0002        0.3803        0.0001        0.4158        0.0148        0.6447
   16        0.0001        0.5338        0.0001        0.4266        0.0001        0.2914        0.0001        0.3064        0.0992        0.5597        0.0001        0.7349        0.0001        0.2078        0.0837        0.2946        0.0001        0.4265        0.0001        0.4501        0.0001        0.4886        0.0001        0.5720        0.0002        0.6899        0.0001        0.4992        0.0001        0.6342        0.0001        0.4992
