**************************************************
           Output from program MigEst
**************************************************


Input file: MigEst.in
Analysis conducted: 18/10/2018  at 17/43/18

Maximum Log Likelihood:     -8.194643E+01

Candidate parent sampling proportions: ML estimates
  Pop     Males   Females
    1    0.0001    0.0001
    2    0.0001    0.0001
    3    0.0001    0.0001
    4    0.0001    0.0001
    5    0.0001    0.7030
    6    0.9737    0.0001
    7    0.0528    0.0880
    8    0.0001    0.0001
    9    0.0001    0.0001
   10    0.0001    0.0001
   11    0.0001    0.0001
   12    0.1377    0.4132
   13    0.9443    0.0001
   14    0.0001    0.0001
   15    0.0001    0.0228

Immigration rates to pop I (Row) from pop J (Col): ML estimates
  Pop    Pop1    Pop2    Pop3    Pop4    Pop5    Pop6    Pop7    Pop8    Pop9   Pop10   Pop11   Pop12   Pop13   Pop14   Pop15   Ghost
    1  0.0001  0.0016  0.0015  0.0016  0.0016  0.0713  0.0014  0.0016  0.0016  0.0016  0.0016  0.0016  0.0001  0.0016  0.0003  0.9109
    2  0.0016  0.9778  0.0016  0.0016  0.0017  0.0015  0.0015  0.0017  0.0018  0.0018  0.0017  0.0009  0.0016  0.0017  0.0015  0.0000
    3  0.0016  0.0016  0.0001  0.0001  0.0001  0.0001  0.0005  0.0016  0.0001  0.0016  0.0001  0.0008  0.0005  0.0016  0.0001  0.9895
    4  0.0001  0.0016  0.0016  0.9776  0.0001  0.0001  0.0001  0.0016  0.0001  0.0001  0.0001  0.0001  0.0001  0.0016  0.0016  0.0135
    5  0.0001  0.0001  0.0001  0.0001  0.0001  0.0001  0.0001  0.0016  0.0001  0.0016  0.0016  0.0001  0.0001  0.0016  0.0001  0.9925
    6  0.0016  0.0016  0.0016  0.0016  0.0016  0.0542  0.1851  0.0016  0.0016  0.0016  0.0016  0.0016  0.0270  0.0016  0.0016  0.7145
    7  0.0016  0.0001  0.0016  0.0016  0.0001  0.0001  0.8237  0.0016  0.0016  0.0016  0.0001  0.0001  0.0001  0.0003  0.0001  0.1657
    8  0.0016  0.0001  0.0016  0.0016  0.0001  0.0001  0.0001  0.0001  0.0016  0.0001  0.0016  0.0001  0.0001  0.0016  0.0002  0.9894
    9  0.0016  0.0016  0.0016  0.0016  0.0016  0.0001  0.0001  0.0016  0.0001  0.0016  0.0016  0.0002  0.0015  0.0016  0.0016  0.9820
   10  0.0001  0.0015  0.0001  0.0016  0.0001  0.0001  0.0001  0.0001  0.0001  0.9776  0.0001  0.0001  0.0001  0.0015  0.0001  0.0167
   11  0.0016  0.0016  0.0016  0.0001  0.0001  0.0001  0.0001  0.0016  0.0001  0.0001  0.0001  0.0001  0.0001  0.0016  0.0001  0.9910
   12  0.0016  0.0016  0.0001  0.0001  0.0001  0.0001  0.0005  0.0016  0.0001  0.0002  0.0001  0.1635  0.0001  0.0016  0.0016  0.8271
   13  0.0016  0.0016  0.0016  0.0001  0.0001  0.0001  0.0007  0.0016  0.0016  0.0001  0.0001  0.0009  0.0001  0.0001  0.0002  0.9895
   14  0.0015  0.0016  0.0016  0.0016  0.0001  0.0001  0.0016  0.0016  0.0001  0.0016  0.0001  0.0002  0.0001  0.0001  0.0001  0.9880
   15  0.0001  0.0001  0.0001  0.0001  0.0142  0.0001  0.0729  0.0000  0.0001  0.0001  0.0001  0.0206  0.0001  0.0001  0.9438  0.0000

Candidate parent sampling proportions: lower (L) and upper (U) bounds of CI95
  Pop    CI_L(Male)    CI_U(Male)  CI_L(Female)  CI_U(Female)
    1        0.0001        1.0000        0.0001        1.0000
    2        0.0001        1.0000        0.0001        1.0000
    3        0.0001        1.0000        0.0001        1.0000
    4        0.0001        1.0000        0.0001        1.0000
    5        0.0001        0.8196        0.3516        1.0000
    6        0.6726        1.0000        0.0001        0.3091
    7        0.0166        0.3553        0.0380        0.5452
    8        0.0001        1.0000        0.0001        1.0000
    9        0.0001        1.0000        0.0001        1.0000
   10        0.0001        1.0000        0.0001        1.0000
   11        0.0001        1.0000        0.0001        1.0000
   12        0.0073        0.9243        0.0363        1.0000
   13        0.1112        1.0000        0.0001        0.5006
   14        0.0001        1.0000        0.0001        1.0000
   15        0.0001        0.5730        0.0115        1.0000

Immigration rates to pop I (Row) from pop J (Col): lower (L) and upper (U) bounds of CI95

 PopI     CI_L(J=1)     CI_U(J=1)     CI_L(J=2)     CI_U(J=2)     CI_L(J=3)     CI_U(J=3)     CI_L(J=4)     CI_U(J=4)     CI_L(J=5)     CI_U(J=5)     CI_L(J=6)     CI_U(J=6)     CI_L(J=7)     CI_U(J=7)     CI_L(J=8)     CI_U(J=8)     CI_L(J=9)     CI_U(J=9)    CI_L(J=10)    CI_U(J=10)    CI_L(J=11)    CI_U(J=11)    CI_L(J=12)    CI_U(J=12)    CI_L(J=13)    CI_U(J=13)    CI_L(J=14)    CI_U(J=14)    CI_L(J=15)    CI_U(J=15)
    1        0.0001        0.8800        0.0001        0.2925        0.0001        0.5002        0.0001        0.4273        0.0001        0.5262        0.0117        0.5705        0.0001        0.8917        0.0001        0.6005        0.0001        0.4960        0.0001        0.5727        0.0001        0.7075        0.0001        0.3733        0.0001        0.9256        0.0001        0.6308        0.0001        0.8700
    2        0.0001        0.4960        0.0001        0.9961        0.0001        0.5106        0.0001        0.1935        0.0001        0.6798        0.0001        0.6888        0.0001        0.3096        0.0001        0.8701        0.0001        0.9984        0.0001        0.9984        0.0001        0.9984        0.0001        0.9984        0.0001        0.9984        0.0001        0.9984        0.0001        0.9984
    3        0.0001        0.2091        0.0001        0.4273        0.0001        0.5443        0.0001        0.8699        0.0001        0.6170        0.0001        0.5999        0.0001        0.5722        0.0001        0.3097        0.0001        0.9984        0.0001        0.9984        0.0001        0.9984        0.0001        0.9984        0.0001        0.9984        0.0001        0.9984        0.0001        0.9984
    4        0.0001        0.3536        0.0001        0.2924        0.0001        0.3087        0.0001        0.9878        0.0001        0.6171        0.0001        0.5724        0.0001        0.5027        0.0001        0.8807        0.0001        0.9984        0.0001        0.9984        0.0001        0.9984        0.0001        0.9984        0.0001        0.9984        0.0001        0.9984        0.0001        0.9984
    5        0.0001        0.6171        0.0001        0.4714        0.0001        0.5718        0.0001        0.5724        0.0001        0.5099        0.0001        0.5889        0.0001        0.4608        0.0001        0.1189        0.0001        0.9984        0.0001        0.9984        0.0001        0.9984        0.0001        0.9984        0.0001        0.9984        0.0001        0.9984        0.0001        0.9984
    6        0.0001        0.5000        0.0001        0.5384        0.0001        0.3268        0.0001        0.3823        0.0001        0.4273        0.0202        0.5301        0.0919        0.4372        0.0001        0.5000        0.0001        0.5727        0.0001        0.6913        0.0001        0.9257        0.0013        0.1555        0.0138        0.6270        0.0001        0.3440        0.0001        0.7843
    7        0.0001        0.3096        0.0001        0.8815        0.0012        0.3087        0.0001        0.5006        0.0001        0.5721        0.0001        0.4264        0.2087        0.9238        0.0001        0.6929        0.0009        0.7394        0.0014        0.7615        0.0001        0.1351        0.0001        0.5589        0.0001        0.6899        0.0002        0.7900        0.0001        0.5008
    8        0.0001        0.3202        0.0001        0.3086        0.0001        0.3096        0.0001        0.4263        0.0001        0.7651        0.0001        0.6090        0.0001        0.4877        0.0001        0.8077        0.0001        0.9984        0.0001        0.9984        0.0001        0.9984        0.0001        0.9984        0.0001        0.9984        0.0001        0.9984        0.0001        0.9984
    9        0.0001        0.2924        0.0001        0.4554        0.0001        0.4101        0.0001        0.3995        0.0001        0.6904        0.0001        0.5786        0.0001        0.6433        0.0001        0.2884        0.0001        0.9984        0.0001        0.9984        0.0001        0.9984        0.0001        0.9984        0.0001        0.9984        0.0001        0.9984        0.0001        0.9984
   10        0.0001        0.1629        0.0001        0.6626        0.0001        0.7627        0.0001        0.5106        0.0001        0.6893        0.0001        0.4280        0.0001        0.4952        0.0001        0.1286        0.0001        0.9984        0.0001        0.9984        0.0001        0.9984        0.0001        0.8249        0.0001        0.9984        0.0001        0.9984        0.0001        0.9984
   11        0.0001        0.2107        0.0001        0.4273        0.0001        0.4288        0.0001        0.1883        0.0001        0.6465        0.0001        0.5892        0.0001        0.5893        0.0001        0.6904        0.0001        0.9984        0.0001        0.9984        0.0001        0.9984        0.0001        0.6901        0.0001        0.9984        0.0001        0.9984        0.0001        0.9984
   12        0.0001        0.1920        0.0001        0.1920        0.0001        0.3987        0.0001        0.4952        0.0001        0.5821        0.0001        0.5731        0.0001        0.9428        0.0001        0.1929        0.0001        0.4755        0.0001        0.2355        0.0001        0.2636        0.0892        0.9984        0.0001        0.5821        0.0001        0.3102        0.0001        0.3098
   13        0.0001        0.1020        0.0001        0.5278        0.0001        0.5000        0.0001        0.4883        0.0001        0.8077        0.0001        0.5868        0.0001        0.3065        0.0001        0.8792        0.0001        0.9984        0.0001        0.9984        0.0001        0.9984        0.0001        0.9984        0.0001        0.9984        0.0001        0.9984        0.0001        0.9984
   14        0.0001        0.6479        0.0001        0.4394        0.0001        0.5262        0.0001        0.4959        0.0001        0.4993        0.0001        0.6172        0.0001        0.5015        0.0001        0.2026        0.0001        0.9984        0.0001        0.9984        0.0001        0.9984        0.0001        0.9984        0.0001        0.9984        0.0001        0.9984        0.0001        0.9984
   15        0.0001        0.2358        0.0001        0.6900        0.0001        0.5049        0.0001        0.6186        0.0028        0.8573        0.0001        0.5893        0.0104        0.3908        0.0001        0.3087        0.0001        0.4280        0.0001        0.7796        0.0001        0.7652        0.0064        0.4446        0.0001        0.4993        0.0001        0.5255        0.3606        0.9544
