**************************************************
           Output from program MigEst
**************************************************


Input file: MigEst.in
Analysis conducted: 13/06/2019  at 13/55/04

Maximum Log Likelihood:     -1.656992E+01

Candidate parent sampling proportions: ML estimates
  Pop     Males   Females
    1    0.0001    0.0001
    2    0.0001    0.0001
    3    0.0001    0.0001
    4    0.0001    0.0001
    5    0.0001    0.0001
    6    0.2992    0.2992
    7    0.0001    0.0001
    8    0.9999    0.9999
    9    0.0001    0.0001
   10    0.0001    0.0001
   11    0.0001    0.0001
   12    0.0001    0.0001
   13    0.0001    0.0001
   14    0.9999    0.9999
   15    0.0001    0.0001
   16    0.0001    0.0001

Immigration rates to pop I (Row) from pop J (Col): ML estimates
  Pop    Pop1    Pop2    Pop3    Pop4    Pop5    Pop6    Pop7    Pop8    Pop9   Pop10   Pop11   Pop12   Pop13   Pop14   Pop15   Pop16   Ghost
    1  0.9970  0.0002  0.0001  0.0002  0.0001  0.0001  0.0002  0.0001  0.0002  0.0002  0.0002  0.0001  0.0002  0.0001  0.0002  0.0002  0.0006
    2  0.0002  0.9970  0.0002  0.0002  0.0002  0.0002  0.0002  0.0002  0.0002  0.0002  0.0003  0.0002  0.0002  0.0001  0.0002  0.0002  0.0000
    3  0.0002  0.0002  0.0001  0.0002  0.0002  0.0002  0.0002  0.0001  0.0002  0.0002  0.0002  0.0002  0.0002  0.0002  0.0002  0.0002  0.9970
    4  0.0001  0.0002  0.0003  0.9970  0.0003  0.0002  0.0002  0.0002  0.0002  0.0002  0.0002  0.0002  0.0002  0.0001  0.0002  0.0002  0.0000
    5  0.0002  0.0002  0.0002  0.0002  0.9969  0.0002  0.0002  0.0002  0.0002  0.0002  0.0003  0.0002  0.0002  0.0002  0.0002  0.0002  0.0000
    6  0.0002  0.0002  0.0002  0.0002  0.0002  0.9969  0.0002  0.0002  0.0002  0.0002  0.0002  0.0002  0.0002  0.0002  0.0002  0.0003  0.0000
    7  0.0002  0.0002  0.0002  0.0002  0.0001  0.0792  0.0001  0.0001  0.0002  0.0002  0.0001  0.0002  0.0003  0.0291  0.0002  0.0001  0.8893
    8  0.0002  0.0002  0.0002  0.0002  0.0002  0.0002  0.0002  0.0001  0.0002  0.0002  0.0001  0.0002  0.0002  0.0002  0.0002  0.0002  0.9970
    9  0.0002  0.0001  0.0002  0.0001  0.0002  0.0001  0.0002  0.0001  0.0001  0.0002  0.0002  0.0002  0.0002  0.0001  0.0002  0.0002  0.9974
   10  0.0002  0.0001  0.0002  0.0002  0.0002  0.0001  0.0002  0.0001  0.0002  0.9970  0.0002  0.0001  0.0002  0.0001  0.0002  0.0002  0.0005
   11  0.0002  0.0002  0.0002  0.0002  0.0002  0.0002  0.0002  0.1999  0.0002  0.0002  0.0001  0.0002  0.0002  0.0002  0.0002  0.0002  0.7972
   12  0.0002  0.0002  0.0002  0.0002  0.0001  0.0001  0.0001  0.0001  0.0002  0.0002  0.0002  0.9970  0.0002  0.0001  0.0002  0.0001  0.0006
   13  0.0002  0.0002  0.0002  0.0002  0.0001  0.0001  0.0002  0.0001  0.0001  0.0001  0.0002  0.0002  0.9970  0.0001  0.0002  0.0002  0.0006
   14  0.0002  0.0001  0.0002  0.0002  0.0002  0.0002  0.0002  0.0001  0.0002  0.0002  0.0001  0.0002  0.0002  0.0001  0.0002  0.0002  0.9972
   15  0.0002  0.0002  0.0002  0.0002  0.0002  0.0001  0.0002  0.0002  0.0002  0.0002  0.0003  0.0002  0.0002  0.0002  0.9970  0.0002  0.0000
   16  0.0002  0.0002  0.0002  0.0001  0.0002  0.0001  0.0002  0.0001  0.0002  0.0002  0.0002  0.0001  0.0002  0.0001  0.0002  0.9970  0.0005

Candidate parent sampling proportions: lower (L) and upper (U) bounds of CI95
  Pop    CI_L(Male)    CI_U(Male)  CI_L(Female)  CI_U(Female)
    1        0.0001        1.0000        0.0001        1.0000
    2        0.0001        1.0000        0.0001        1.0000
    3        0.0001        1.0000        0.0001        1.0000
    4        0.0001        1.0000        0.0001        1.0000
    5        0.0001        1.0000        0.0001        1.0000
    6        0.1496        0.9181        0.1498        0.9174
    7        0.0001        1.0000        0.0001        1.0000
    8        0.1354        1.0000        0.1156        1.0000
    9        0.0001        1.0000        0.0001        1.0000
   10        0.0001        1.0000        0.0001        1.0000
   11        0.0001        1.0000        0.0001        1.0000
   12        0.0001        1.0000        0.0001        1.0000
   13        0.0001        1.0000        0.0001        1.0000
   14        0.1632        1.0000        0.1378        1.0000
   15        0.0001        1.0000        0.0001        1.0000
   16        0.0001        1.0000        0.0001        1.0000

Immigration rates to pop I (Row) from pop J (Col): lower (L) and upper (U) bounds of CI95

 PopI     CI_L(J=1)     CI_U(J=1)     CI_L(J=2)     CI_U(J=2)     CI_L(J=3)     CI_U(J=3)     CI_L(J=4)     CI_U(J=4)     CI_L(J=5)     CI_U(J=5)     CI_L(J=6)     CI_U(J=6)     CI_L(J=7)     CI_U(J=7)     CI_L(J=8)     CI_U(J=8)     CI_L(J=9)     CI_U(J=9)    CI_L(J=10)    CI_U(J=10)    CI_L(J=11)    CI_U(J=11)    CI_L(J=12)    CI_U(J=12)    CI_L(J=13)    CI_U(J=13)    CI_L(J=14)    CI_U(J=14)    CI_L(J=15)    CI_U(J=15)    CI_L(J=16)    CI_U(J=16)
    1        0.0001        0.9983        0.0001        0.9983        0.0001        0.9983        0.0001        0.9983        0.0001        0.9983        0.0001        0.9983        0.0001        0.9983        0.0001        0.2357        0.0001        0.9983        0.0001        0.9983        0.0001        0.9983        0.0001        0.9983        0.0001        0.9983        0.0001        0.1867        0.0001        0.9983        0.0001        0.9983
    2        0.0001        0.9983        0.0001        0.9983        0.0001        0.9983        0.0001        0.9983        0.0001        0.9983        0.0001        0.9983        0.0001        0.9983        0.0001        0.9983        0.0001        0.9983        0.0001        0.9983        0.0001        0.9983        0.0001        0.9983        0.0001        0.9983        0.0001        0.9983        0.0001        0.9983        0.0001        0.9983
    3        0.0001        0.9983        0.0001        0.9983        0.0001        0.9983        0.0001        0.9983        0.0001        0.9983        0.0001        0.9983        0.0001        0.9983        0.0001        0.8352        0.0001        0.9983        0.0001        0.9983        0.0001        0.9983        0.0001        0.9983        0.0001        0.9983        0.0001        0.8529        0.0001        0.9983        0.0001        0.9983
    4        0.0001        0.9983        0.0001        0.9983        0.0001        0.9983        0.0001        0.9983        0.0001        0.9983        0.0001        0.9983        0.0001        0.9983        0.0001        0.9983        0.0001        0.9983        0.0001        0.9983        0.0001        0.9983        0.0001        0.9983        0.0001        0.9983        0.0001        0.9983        0.0001        0.9983        0.0001        0.9983
    5        0.0001        0.9983        0.0001        0.9983        0.0001        0.9983        0.0001        0.9983        0.0001        0.9983        0.0001        0.9983        0.0001        0.9983        0.0001        0.9983        0.0001        0.9983        0.0001        0.9983        0.0001        0.9983        0.0001        0.9983        0.0001        0.9983        0.0001        0.9983        0.0001        0.9983        0.0001        0.9983
    6        0.0001        0.9983        0.0001        0.9983        0.0001        0.9983        0.0001        0.9983        0.0001        0.9983        0.0001        0.9983        0.0001        0.9983        0.0001        0.9983        0.0001        0.9983        0.0001        0.9983        0.0001        0.9983        0.0001        0.9983        0.0001        0.9983        0.0001        0.9983        0.0001        0.9983        0.0001        0.9983
    7        0.0001        0.4264        0.0001        0.4993        0.0001        0.4993        0.0001        0.6171        0.0001        0.9543        0.0229        0.7632        0.0001        0.4993        0.0001        0.2358        0.0001        0.3986        0.0001        0.4544        0.0001        0.4436        0.0001        0.4952        0.0001        0.4993        0.0056        0.1308        0.0001        0.3364        0.0001        0.4991
    8        0.0001        0.9983        0.0001        0.9983        0.0001        0.9983        0.0001        0.9983        0.0001        0.9983        0.0001        0.9983        0.0001        0.9983        0.0001        0.2332        0.0001        0.9983        0.0001        0.9983        0.0001        0.9983        0.0001        0.9983        0.0001        0.9983        0.0001        0.1735        0.0001        0.9983        0.0001        0.9983
    9        0.0001        0.9983        0.0001        0.9983        0.0001        0.9983        0.0001        0.9983        0.0001        0.9983        0.0001        0.9983        0.0001        0.9983        0.0001        0.6860        0.0001        0.9983        0.0001        0.9983        0.0001        0.9983        0.0001        0.9983        0.0001        0.9983        0.0001        0.6620        0.0001        0.9983        0.0001        0.9983
   10        0.0001        0.9983        0.0001        0.9983        0.0001        0.9983        0.0001        0.9983        0.0001        0.9983        0.0001        0.9983        0.0001        0.9983        0.0001        0.8011        0.0001        0.9983        0.0001        0.9983        0.0001        0.9983        0.0001        0.9983        0.0001        0.9983        0.0001        0.8704        0.0001        0.9983        0.0001        0.9983
   11        0.0001        0.5721        0.0001        0.5721        0.0001        0.5099        0.0001        0.4502        0.0001        0.5441        0.0001        0.5715        0.0001        0.4821        0.0423        0.6927        0.0001        0.5721        0.0001        0.5867        0.0001        0.4714        0.0001        0.3086        0.0001        0.4977        0.0001        0.3389        0.0001        0.7177        0.0001        0.3930
   12        0.0001        0.9983        0.0001        0.9983        0.0001        0.9983        0.0001        0.9983        0.0001        0.9983        0.0001        0.9983        0.0001        0.9983        0.0001        0.4920        0.0001        0.9983        0.0001        0.9983        0.0001        0.9983        0.0001        0.9983        0.0001        0.9983        0.0001        0.4992        0.0001        0.9983        0.0001        0.9983
   13        0.0001        0.9983        0.0001        0.9983        0.0001        0.9983        0.0001        0.9983        0.0001        0.9983        0.0001        0.9983        0.0001        0.9983        0.0001        0.2353        0.0001        0.9983        0.0001        0.9983        0.0001        0.9983        0.0001        0.9983        0.0001        0.9983        0.0001        0.1170        0.0001        0.9983        0.0001        0.9983
   14        0.0001        0.9983        0.0001        0.9983        0.0001        0.9983        0.0001        0.9983        0.0001        0.9983        0.0001        0.9983        0.0001        0.9983        0.0001        0.4967        0.0001        0.9983        0.0001        0.9983        0.0001        0.9983        0.0001        0.9983        0.0001        0.9983        0.0001        0.4712        0.0001        0.9983        0.0001        0.9983
   15        0.0001        0.9983        0.0001        0.9983        0.0001        0.9983        0.0001        0.9983        0.0001        0.9983        0.0001        0.9983        0.0001        0.9983        0.0001        0.9983        0.0001        0.9983        0.0001        0.9983        0.0001        0.9983        0.0001        0.9983        0.0001        0.9983        0.0001        0.9983        0.0001        0.9983        0.0001        0.9983
   16        0.0001        0.9983        0.0001        0.9983        0.0001        0.9983        0.0001        0.9983        0.0001        0.9983        0.0001        0.9983        0.0001        0.9983        0.0001        0.2348        0.0001        0.9983        0.0001        0.9983        0.0001        0.9983        0.0001        0.9983        0.0001        0.9983        0.0001        0.1154        0.0001        0.9983        0.0001        0.9983
