**************************************************
           Output from program MigEst
**************************************************


Input file: MigEst.in
Analysis conducted: 18/10/2018  at 05/04/06

Maximum Log Likelihood:     -3.001312E+01

Candidate parent sampling proportions: ML estimates
  Pop     Males   Females
    1    0.0001    0.1622
    2    0.0001    0.0001
    3    0.0001    0.0001
    4    0.0001    0.0001
    5    0.0001    0.0001
    6    0.0001    0.0870
    7    0.9999    0.9999
    8    0.9926    0.0001
    9    0.0001    0.0001
   10    0.0448    0.0001
   11    0.0001    0.0001
   12    0.0001    0.0001

Immigration rates to pop I (Row) from pop J (Col): ML estimates
  Pop    Pop1    Pop2    Pop3    Pop4    Pop5    Pop6    Pop7    Pop8    Pop9   Pop10   Pop11   Pop12   Ghost
    1  0.7023  0.0001  0.0004  0.0002  0.0001  0.0000  0.0523  0.0001  0.0002  0.0001  0.0003  0.0001  0.2438
    2  0.0001  0.0001  0.0002  0.0003  0.0002  0.0002  0.0002  0.0002  0.0001  0.0000  0.0004  0.0002  0.9978
    3  0.0002  0.0002  0.0001  0.0002  0.0002  0.0000  0.0002  0.0002  0.0002  0.0001  0.0004  0.0002  0.9978
    4  0.0001  0.0002  0.0001  0.9978  0.0001  0.0001  0.0001  0.0001  0.0002  0.0001  0.0003  0.0001  0.0007
    5  0.0002  0.0002  0.0002  0.0002  0.0001  0.0002  0.0001  0.0002  0.0001  0.0002  0.0003  0.0002  0.9978
    6  0.0002  0.0002  0.0002  0.0003  0.0002  0.0001  0.0000  0.0500  0.0002  0.0004  0.0003  0.0001  0.9478
    7  0.0001  0.0001  0.0000  0.0004  0.0001  0.9989  0.0001  0.0000  0.0000  0.0001  0.0001  0.0001  0.0000
    8  0.0001  0.0002  0.0001  0.0001  0.0001  0.0001  0.0000  0.0001  0.0001  0.0002  0.0003  0.0002  0.9984
    9  0.1571  0.0003  0.0002  0.0002  0.0001  0.0002  0.0001  0.0000  0.0001  0.0002  0.0003  0.0001  0.8411
   10  0.0001  0.0002  0.0001  0.0001  0.0003  0.0000  0.0001  0.0000  0.0001  0.0001  0.0001  0.0002  0.9986
   11  0.0002  0.0002  0.0002  0.0002  0.0002  0.0002  0.0001  0.0001  0.0002  0.0002  0.0001  0.0001  0.9980
   12  0.0002  0.0001  0.0004  0.0001  0.0002  0.0002  0.0001  0.0001  0.0002  0.6375  0.0001  0.0001  0.3607

Candidate parent sampling proportions: lower (L) and upper (U) bounds of CI95
  Pop    CI_L(Male)    CI_U(Male)  CI_L(Female)  CI_U(Female)
    1        0.0001        0.3820        0.0187        1.0000
    2        0.0001        1.0000        0.0001        1.0000
    3        0.0001        1.0000        0.0001        1.0000
    4        0.0001        1.0000        0.0001        1.0000
    5        0.0001        1.0000        0.0001        1.0000
    6        0.0001        0.6261        0.0144        1.0000
    7        0.1328        1.0000        0.1363        1.0000
    8        0.2621        1.0000        0.0001        0.8673
    9        0.0001        1.0000        0.0001        1.0000
   10        0.0015        1.0000        0.0001        0.8631
   11        0.0001        1.0000        0.0001        1.0000
   12        0.0001        1.0000        0.0001        1.0000

Immigration rates to pop I (Row) from pop J (Col): lower (L) and upper (U) bounds of CI95

 PopI     CI_L(J=1)     CI_U(J=1)     CI_L(J=2)     CI_U(J=2)     CI_L(J=3)     CI_U(J=3)     CI_L(J=4)     CI_U(J=4)     CI_L(J=5)     CI_U(J=5)     CI_L(J=6)     CI_U(J=6)     CI_L(J=7)     CI_U(J=7)     CI_L(J=8)     CI_U(J=8)     CI_L(J=9)     CI_U(J=9)    CI_L(J=10)    CI_U(J=10)    CI_L(J=11)    CI_U(J=11)    CI_L(J=12)    CI_U(J=12)
    1        0.3483        0.8500        0.0001        0.6173        0.0001        0.2361        0.0001        0.4266        0.0001        0.8808        0.0001        0.6236        0.0039        0.2959        0.0001        0.7630        0.0001        0.6901        0.0001        0.8530        0.0001        0.8809        0.0001        0.4993
    2        0.0001        0.9987        0.0001        0.9987        0.0001        0.9987        0.0001        0.9987        0.0001        0.9987        0.0001        0.9987        0.0001        0.6001        0.0001        0.9987        0.0001        0.9987        0.0001        0.9987        0.0001        0.9987        0.0001        0.9987
    3        0.0001        0.9987        0.0001        0.9987        0.0001        0.9987        0.0001        0.9987        0.0001        0.9987        0.0001        0.9987        0.0001        0.8356        0.0001        0.9987        0.0001        0.9987        0.0001        0.9987        0.0001        0.9987        0.0001        0.9987
    4        0.0001        0.9987        0.0001        0.9987        0.0001        0.9987        0.0001        0.9987        0.0001        0.9987        0.0001        0.9987        0.0001        0.2712        0.0001        0.9987        0.0001        0.9987        0.0001        0.9987        0.0001        0.9987        0.0001        0.9987
    5        0.0001        0.9987        0.0001        0.9987        0.0001        0.9987        0.0001        0.9987        0.0001        0.9987        0.0001        0.9987        0.0001        0.3825        0.0001        0.9987        0.0001        0.9987        0.0001        0.9987        0.0001        0.9987        0.0001        0.9987
    6        0.0001        0.8808        0.0001        0.1181        0.0001        0.5035        0.0001        0.5295        0.0001        0.1909        0.0001        0.6901        0.0001        0.3365        0.0036        0.9987        0.0001        0.6905        0.0001        0.9259        0.0001        0.6902        0.0001        0.4266
    7        0.0001        0.8076        0.0001        0.8036        0.0001        0.5444        0.0001        0.1632        0.0001        0.3087        0.2915        0.9987        0.0001        0.6067        0.0001        0.9799        0.0001        0.4265        0.0001        0.9324        0.0001        0.5922        0.0001        0.3815
    8        0.0001        0.9987        0.0001        0.9987        0.0001        0.9987        0.0001        0.9987        0.0001        0.9987        0.0001        0.9987        0.0001        0.6213        0.0001        0.9987        0.0001        0.9987        0.0001        0.9987        0.0001        0.9987        0.0001        0.9987
    9        0.1086        0.9987        0.0001        0.4889        0.0001        0.6902        0.0001        0.5045        0.0001        0.7639        0.0001        0.8121        0.0001        0.3512        0.0001        0.6901        0.0001        0.5723        0.0001        0.6899        0.0001        0.8384        0.0001        0.3815
   10        0.0001        0.9987        0.0001        0.9987        0.0001        0.9987        0.0001        0.9987        0.0001        0.9987        0.0001        0.9987        0.0001        0.1654        0.0001        0.9987        0.0001        0.9987        0.0001        0.9987        0.0001        0.9987        0.0001        0.9987
   11        0.0001        0.9987        0.0001        0.9987        0.0001        0.9987        0.0001        0.9987        0.0001        0.9987        0.0001        0.9987        0.0001        0.4758        0.0001        0.9987        0.0001        0.9987        0.0001        0.9987        0.0001        0.9987        0.0001        0.9987
   12        0.0001        0.8186        0.0001        0.7498        0.0001        0.2983        0.0001        0.6664        0.0001        0.5101        0.0001        0.8874        0.0001        0.1630        0.0001        0.7564        0.0001        0.7180        0.3191        0.9987        0.0001        0.8080        0.0001        0.3815
