**************************************************
           Output from program MigEst
**************************************************


Input file: MigEst.in
Analysis conducted: 13/06/2019  at 37/17/07

Maximum Log Likelihood:     -3.110250E+01

Candidate parent sampling proportions: ML estimates
  Pop     Males   Females
    1    0.0001    0.0001
    2    0.0001    0.0001
    3    0.0001    0.0001
    4    0.0001    0.0001
    5    0.0001    0.0001
    6    0.9999    0.7500
    7    0.0001    0.0001
    8    0.0001    0.0001
    9    0.0001    0.0001
   10    0.0288    0.0288
   11    0.0001    0.0001
   12    0.0001    0.0001
   13    0.5000    0.9999

Immigration rates to pop I (Row) from pop J (Col): ML estimates
  Pop    Pop1    Pop2    Pop3    Pop4    Pop5    Pop6    Pop7    Pop8    Pop9   Pop10   Pop11   Pop12   Pop13   Ghost
    1  0.9976  0.0002  0.0002  0.0002  0.0002  0.0001  0.0002  0.0001  0.0001  0.0001  0.0002  0.0001  0.0001  0.0006
    2  0.0002  0.9976  0.0002  0.0002  0.0002  0.0001  0.0001  0.0002  0.0001  0.0001  0.0002  0.0001  0.0001  0.0006
    3  0.0002  0.0001  0.9976  0.0002  0.0002  0.0001  0.0001  0.0002  0.0002  0.0001  0.0001  0.0002  0.0001  0.0006
    4  0.0002  0.0002  0.0002  0.9976  0.0002  0.0001  0.0001  0.0002  0.0001  0.0001  0.0001  0.0002  0.0001  0.0006
    5  0.0002  0.0001  0.0001  0.0002  0.9976  0.0001  0.0001  0.0002  0.0002  0.0001  0.0002  0.0002  0.0001  0.0006
    6  0.0002  0.0002  0.0002  0.0001  0.0002  0.1579  0.0002  0.0002  0.0002  0.0002  0.0002  0.0002  0.0002  0.8398
    7  0.0001  0.0002  0.0002  0.0001  0.0002  0.0001  0.9976  0.0002  0.0002  0.0001  0.0002  0.0001  0.0001  0.0006
    8  0.0002  0.0002  0.0001  0.0002  0.0002  0.0001  0.0002  0.9976  0.0002  0.0001  0.0002  0.0002  0.0001  0.0004
    9  0.0002  0.0002  0.0002  0.0002  0.0001  0.1998  0.0002  0.0002  0.0001  0.0002  0.0002  0.0002  0.0001  0.7981
   10  0.0002  0.0002  0.0002  0.0002  0.0002  0.0001  0.0002  0.0001  0.0469  0.9976  0.0002  0.0002  0.0500  0.0000
   11  0.0002  0.0001  0.0002  0.0002  0.0002  0.0001  0.0001  0.0002  0.0001  0.0001  0.9976  0.0002  0.0001  0.0006
   12  0.0001  0.0002  0.0001  0.0002  0.0002  0.0001  0.0002  0.0002  0.0001  0.0001  0.0002  0.9976  0.0001  0.0006
   13  0.0002  0.0002  0.0002  0.0002  0.0002  0.0001  0.0002  0.0001  0.0002  0.0002  0.0002  0.0001  0.0001  0.9978

Candidate parent sampling proportions: lower (L) and upper (U) bounds of CI95
  Pop    CI_L(Male)    CI_U(Male)  CI_L(Female)  CI_U(Female)
    1        0.0001        0.6909        0.0001        0.4827
    2        0.0001        0.6631        0.0001        1.0000
    3        0.0001        1.0000        0.0001        1.0000
    4        0.0001        1.0000        0.0001        1.0000
    5        0.0001        0.6603        0.0001        1.0000
    6        0.4628        1.0000        0.4298        0.9227
    7        0.0001        1.0000        0.0001        1.0000
    8        0.0001        1.0000        0.0001        1.0000
    9        0.0001        0.1910        0.0001        1.0000
   10        0.0125        0.8272        0.0145        0.5876
   11        0.0001        1.0000        0.0001        1.0000
   12        0.0001        1.0000        0.0001        1.0000
   13        0.0723        0.8315        0.1525        1.0000

Immigration rates to pop I (Row) from pop J (Col): lower (L) and upper (U) bounds of CI95

 PopI     CI_L(J=1)     CI_U(J=1)     CI_L(J=2)     CI_U(J=2)     CI_L(J=3)     CI_U(J=3)     CI_L(J=4)     CI_U(J=4)     CI_L(J=5)     CI_U(J=5)     CI_L(J=6)     CI_U(J=6)     CI_L(J=7)     CI_U(J=7)     CI_L(J=8)     CI_U(J=8)     CI_L(J=9)     CI_U(J=9)    CI_L(J=10)    CI_U(J=10)    CI_L(J=11)    CI_U(J=11)    CI_L(J=12)    CI_U(J=12)    CI_L(J=13)    CI_U(J=13)
    1        0.0001        0.9986        0.0001        0.7341        0.0001        0.9986        0.0001        0.9986        0.0001        0.9986        0.0001        0.6900        0.0001        0.9986        0.0001        0.9986        0.0001        0.9986        0.0001        0.9986        0.0002        0.9986        0.0001        0.9986        0.0001        0.4241
    2        0.0001        0.9986        0.0001        0.9986        0.0001        0.9986        0.0001        0.9986        0.0001        0.9986        0.0001        0.3127        0.0001        0.9986        0.0001        0.9986        0.0001        0.7351        0.0001        0.9986        0.0001        0.9986        0.0001        0.9986        0.0001        0.5272
    3        0.0001        0.9986        0.0001        0.9986        0.6141        0.9986        0.0001        0.9986        0.0001        0.9986        0.0001        0.4650        0.0001        0.4991        0.0002        0.9986        0.0001        0.9986        0.0001        0.9986        0.0001        0.9986        0.0001        0.9986        0.0001        0.5681
    4        0.0001        0.9986        0.0001        0.4372        0.0001        0.4889        0.4685        0.9981        0.0001        0.9986        0.0001        0.1974        0.0001        0.9986        0.0001        0.9986        0.0001        0.9986        0.0001        0.9986        0.0001        0.9986        0.0001        0.9986        0.0001        0.6900
    5        0.0001        0.9986        0.0001        0.9986        0.0001        0.9986        0.0001        0.9986        0.0001        0.9986        0.0001        0.4756        0.0001        0.9986        0.0001        0.9986        0.0001        0.9986        0.0001        0.9986        0.0001        0.9986        0.0001        0.9986        0.0001        0.1801
    6        0.0001        0.7629        0.0001        0.8079        0.0002        0.6902        0.0001        0.3364        0.0001        0.8079        0.0445        0.3564        0.0001        0.6966        0.0001        0.6901        0.0001        0.8079        0.0001        0.8091        0.0001        0.8813        0.0001        0.6623        0.0001        0.0968
    7        0.0001        0.9986        0.0001        0.9986        0.0002        0.9986        0.0001        0.9986        0.0001        0.6860        0.0001        0.4893        0.0001        0.9986        0.0001        0.9986        0.0001        0.8107        0.0001        0.9986        0.0001        0.9986        0.0001        0.9986        0.0001        0.5523
    8        0.0001        0.9986        0.0001        0.9986        0.0001        0.9986        0.0001        0.9986        0.0001        0.8079        0.0001        0.8355        0.0001        0.9986        0.6828        0.9986        0.0001        0.6107        0.0001        0.9986        0.0001        0.5004        0.0001        0.9986        0.0001        0.9986
    9        0.0001        0.4266        0.0001        0.4609        0.0001        0.7088        0.0001        0.5000        0.0001        0.2621        0.0944        0.6968        0.0001        0.6623        0.0001        0.3087        0.0001        0.4999        0.0001        0.6447        0.0001        0.4700        0.0001        0.8636        0.0001        0.3087
   10        0.0001        0.8079        0.0001        0.4267        0.0001        0.4994        0.0001        0.4553        0.0001        0.5100        0.0001        0.0451        0.0002        0.4731        0.0001        0.3089        0.0001        0.7471        0.7278        0.9979        0.0001        0.4266        0.0001        0.2637        0.0119        0.2475
   11        0.0001        0.9986        0.0001        0.4256        0.0001        0.9986        0.0001        0.9986        0.0001        0.9986        0.0001        0.1220        0.0001        0.9986        0.0001        0.9986        0.0001        0.9986        0.0001        0.9986        0.0001        0.9986        0.0001        0.9986        0.0001        0.1523
   12        0.0001        0.9986        0.0001        0.9986        0.0001        0.9986        0.0001        0.9986        0.0001        0.9986        0.0001        0.1801        0.0001        0.4635        0.0002        0.9986        0.0001        0.3087        0.0001        0.9986        0.0001        0.9986        0.0001        0.9986        0.0001        0.2702
   13        0.0001        0.9986        0.0001        0.9986        0.0001        0.9986        0.0001        0.9986        0.0001        0.9986        0.0001        0.0729        0.0001        0.9986        0.0001        0.9986        0.0001        0.9986        0.0001        0.9986        0.0001        0.9986        0.0001        0.9986        0.0001        0.1932
