**************************************************
           Output from program MigEst
**************************************************


Input file: MigEst.in
Analysis conducted: 16/06/2019  at 42/09/07

Maximum Log Likelihood:     -3.702512E+02

Candidate parent sampling proportions: ML estimates
  Pop     Males   Females
    1    0.0001    0.4107
    2    0.0001    0.0001
    3    0.0001    0.0001
    4    0.0474    0.0001
    5    0.0001    0.0001
    6    0.0001    0.3757
    7    0.2531    0.2531
    8    0.0577    0.0577
    9    0.0665    0.0739
   10    0.9999    0.9999
   11    0.0001    0.0001
   12    0.9999    0.9999
   13    0.0001    0.0001
   14    0.0355    0.0444
   15    0.0001    0.0001
   16    0.0001    0.0001
   17    0.9999    0.9999
   18    0.4038    0.4038
   19    0.0832    0.0756

Immigration rates to pop I (Row) from pop J (Col): ML estimates
  Pop    Pop1    Pop2    Pop3    Pop4    Pop5    Pop6    Pop7    Pop8    Pop9   Pop10   Pop11   Pop12   Pop13   Pop14   Pop15   Pop16   Pop17   Pop18   Pop19   Ghost
    1  0.0002  0.0032  0.0032  0.0002  0.0032  0.0032  0.0032  0.2949  0.2179  0.0001  0.0033  0.0001  0.0001  0.0032  0.0001  0.0001  0.0001  0.0001  0.2047  0.2589
    2  0.0027  0.0001  0.0031  0.0006  0.0001  0.0029  0.0016  0.0032  0.0004  0.0032  0.0032  0.0001  0.0001  0.0002  0.0001  0.0032  0.0001  0.0017  0.0032  0.9702
    3  0.0001  0.0001  0.9424  0.0003  0.0001  0.0001  0.0001  0.0001  0.0001  0.0001  0.0001  0.0001  0.0001  0.0030  0.0001  0.0001  0.0001  0.0001  0.0001  0.0527
    4  0.0001  0.0001  0.0001  0.0001  0.0032  0.0001  0.0001  0.0002  0.4069  0.0001  0.0032  0.0001  0.0001  0.0032  0.0001  0.0001  0.0001  0.0001  0.4426  0.1394
    5  0.0029  0.0031  0.0001  0.0032  0.0001  0.0032  0.0001  0.0006  0.0005  0.0005  0.0032  0.0001  0.0032  0.0002  0.0001  0.0001  0.0028  0.0023  0.0004  0.9733
    6  0.0001  0.0033  0.0032  0.0006  0.0032  0.0001  0.0032  0.0032  0.0003  0.0343  0.0032  0.0001  0.0032  0.5548  0.0001  0.0001  0.0001  0.0001  0.0024  0.3844
    7  0.0032  0.0001  0.0032  0.0032  0.0032  0.0032  0.0032  0.0032  0.0032  0.0032  0.0032  0.0001  0.0032  0.0032  0.0001  0.0032  0.0001  0.0032  0.0032  0.9516
    8  0.0001  0.0001  0.0032  0.0018  0.0032  0.0015  0.0340  0.3109  0.0989  0.0120  0.0032  0.0001  0.0002  0.0032  0.0001  0.0032  0.0121  0.0001  0.0997  0.4124
    9  0.0001  0.0033  0.0001  0.0019  0.0032  0.0001  0.0001  0.1414  0.4151  0.0139  0.0032  0.0001  0.0001  0.1515  0.0001  0.0002  0.0001  0.0001  0.1506  0.1148
   10  0.0032  0.0032  0.0033  0.0032  0.0001  0.0032  0.0032  0.6226  0.0033  0.0001  0.0032  0.0001  0.0032  0.0032  0.0001  0.0032  0.0001  0.0032  0.0032  0.3351
   11  0.0001  0.0033  0.0003  0.0001  0.0003  0.0001  0.0001  0.0030  0.0001  0.0001  0.0001  0.0506  0.0001  0.0032  0.0001  0.0001  0.0001  0.0001  0.5119  0.4262
   12  0.0032  0.0032  0.0001  0.0032  0.0001  0.0032  0.0032  0.0032  0.2360  0.0001  0.0032  0.0001  0.0001  0.0032  0.0032  0.0033  0.0001  0.0032  0.2414  0.4867
   13  0.0001  0.0032  0.0002  0.0001  0.0032  0.0001  0.0001  0.0032  0.7515  0.0001  0.0001  0.0001  0.0001  0.0001  0.0032  0.0001  0.0001  0.0001  0.0032  0.2311
   14  0.0138  0.0002  0.0032  0.0008  0.0001  0.0001  0.0001  0.0001  0.0014  0.0001  0.0032  0.0001  0.0001  0.3350  0.0001  0.0033  0.0066  0.0252  0.1308  0.4757
   15  0.0030  0.0032  0.0001  0.0032  0.0001  0.0014  0.0001  0.0003  0.0032  0.0001  0.0032  0.0001  0.0001  0.0003  0.0001  0.0001  0.0001  0.0019  0.0032  0.9762
   16  0.0029  0.0035  0.0033  0.0033  0.0032  0.0034  0.0027  0.0031  0.0030  0.0032  0.0033  0.0036  0.0034  0.0030  0.0035  0.9426  0.0032  0.0029  0.0029  0.0000
   17  0.0001  0.0032  0.0001  0.0032  0.0032  0.0026  0.0026  0.0007  0.0032  0.0032  0.0001  0.0001  0.0001  0.0032  0.0032  0.0032  0.0001  0.0007  0.0032  0.9640
   18  0.0032  0.0001  0.0032  0.0032  0.0032  0.0027  0.0032  0.0006  0.0032  0.0001  0.0001  0.0001  0.0001  0.0032  0.0064  0.0001  0.0001  0.2119  0.0032  0.7521
   19  0.0001  0.0001  0.0032  0.1151  0.0032  0.0115  0.0001  0.0032  0.2207  0.0001  0.0001  0.0057  0.0032  0.1352  0.0033  0.0001  0.0001  0.0093  0.2961  0.1896

Candidate parent sampling proportions: lower (L) and upper (U) bounds of CI95
  Pop    CI_L(Male)    CI_U(Male)  CI_L(Female)  CI_U(Female)
    1        0.0001        0.8090        0.0001        1.0000
    2        0.0001        1.0000        0.0001        1.0000
    3        0.0001        1.0000        0.0001        1.0000
    4        0.0001        1.0000        0.0001        0.8090
    5        0.0001        1.0000        0.0001        1.0000
    6        0.0001        1.0000        0.0001        1.0000
    7        0.0001        0.6344        0.0001        1.0000
    8        0.0219        0.2214        0.0178        0.3326
    9        0.0285        0.2041        0.0103        0.1192
   10        0.3025        1.0000        0.4999        1.0000
   11        0.0001        1.0000        0.0001        1.0000
   12        0.0730        1.0000        0.5000        1.0000
   13        0.0001        1.0000        0.0001        1.0000
   14        0.0202        0.5218        0.0277        0.4524
   15        0.0001        1.0000        0.0001        1.0000
   16        0.0001        1.0000        0.0001        1.0000
   17        0.4937        1.0000        0.3820        1.0000
   18        0.1907        1.0000        0.1066        1.0000
   19        0.0257        0.3682        0.0145        0.5794

Immigration rates to pop I (Row) from pop J (Col): lower (L) and upper (U) bounds of CI95

 PopI     CI_L(J=1)     CI_U(J=1)     CI_L(J=2)     CI_U(J=2)     CI_L(J=3)     CI_U(J=3)     CI_L(J=4)     CI_U(J=4)     CI_L(J=5)     CI_U(J=5)     CI_L(J=6)     CI_U(J=6)     CI_L(J=7)     CI_U(J=7)     CI_L(J=8)     CI_U(J=8)     CI_L(J=9)     CI_U(J=9)    CI_L(J=10)    CI_U(J=10)    CI_L(J=11)    CI_U(J=11)    CI_L(J=12)    CI_U(J=12)    CI_L(J=13)    CI_U(J=13)    CI_L(J=14)    CI_U(J=14)    CI_L(J=15)    CI_U(J=15)    CI_L(J=16)    CI_U(J=16)    CI_L(J=17)    CI_U(J=17)    CI_L(J=18)    CI_U(J=18)    CI_L(J=19)    CI_U(J=19)
    1        0.0001        0.3150        0.0001        0.8357        0.0001        0.8055        0.0001        0.9980        0.0001        0.6906        0.0001        0.4844        0.0001        0.8080        0.1202        0.8316        0.0001        0.7569        0.0001        0.8074        0.0001        0.8080        0.0001        0.6906        0.0001        0.2357        0.0001        0.6174        0.0001        0.9980        0.0001        0.6168        0.0001        0.8074        0.0001        0.8802        0.1217        0.3557
    2        0.0001        0.9980        0.0001        0.9980        0.0001        0.9980        0.0001        0.9980        0.0001        0.9980        0.0001        0.9980        0.0001        0.9980        0.0001        0.9980        0.0001        0.9980        0.0001        0.6791        0.0001        0.9980        0.0001        0.8524        0.0001        0.9980        0.0001        0.9980        0.0001        0.9980        0.0001        0.9980        0.0001        0.9980        0.0001        0.9980        0.0001        0.9980
    3        0.0001        0.9980        0.0001        0.9980        0.0001        0.9980        0.0001        0.9980        0.0001        0.9980        0.0001        0.9980        0.0001        0.9980        0.0001        0.9980        0.0001        0.9980        0.0001        0.3084        0.0001        0.9980        0.0001        0.9980        0.0001        0.9980        0.0001        0.9980        0.0001        0.9980        0.0001        0.9980        0.0001        0.9980        0.0001        0.9980        0.0001        0.9980
    4        0.0001        0.9980        0.0001        0.2629        0.0001        0.1906        0.0001        0.8247        0.0001        0.6800        0.0001        0.9980        0.0001        0.9980        0.0001        0.5457        0.0001        0.9980        0.0001        0.3085        0.0001        0.7354        0.0001        0.8352        0.0001        0.4263        0.0001        0.5006        0.0001        0.6618        0.0001        0.4712        0.0001        0.6765        0.0001        0.8352        0.0001        0.9980
    5        0.0001        0.9980        0.0001        0.9980        0.0001        0.9980        0.0001        0.9980        0.0001        0.9980        0.0001        0.9980        0.0001        0.9980        0.0001        0.9980        0.0001        0.9980        0.0001        0.9980        0.0001        0.9980        0.0001        0.9980        0.0001        0.9980        0.0001        0.9980        0.0001        0.9980        0.0001        0.9980        0.0001        0.9980        0.0001        0.9980        0.0001        0.9980
    6        0.0001        0.4263        0.0001        0.5007        0.0001        0.6987        0.0001        0.9980        0.0001        0.9980        0.0001        0.9980        0.0001        0.6906        0.0001        0.5006        0.0001        0.6897        0.0001        0.5161        0.0001        0.5004        0.0001        0.8049        0.0001        0.8186        0.0001        0.8069        0.0001        0.4996        0.0001        0.6896        0.0001        0.8074        0.0001        0.6064        0.0001        0.9980
    7        0.0001        0.9980        0.0001        0.9980        0.0001        0.9980        0.0001        0.9980        0.0001        0.9980        0.0001        0.9980        0.0001        0.9980        0.0001        0.9980        0.0001        0.9980        0.0001        0.8080        0.0001        0.9980        0.0001        0.8071        0.0001        0.9980        0.0001        0.9980        0.0001        0.9980        0.0001        0.9980        0.0001        0.8074        0.0001        0.9980        0.0001        0.9980
    8        0.0001        0.7518        0.0001        0.9374        0.0001        0.5732        0.0001        0.8895        0.0001        0.5732        0.0001        0.4720        0.0026        0.1541        0.0001        0.4410        0.0001        0.7224        0.0001        0.6933        0.0001        0.5725        0.0001        0.8074        0.0001        0.6897        0.0001        0.6125        0.0001        0.4232        0.0001        0.6907        0.0001        0.6204        0.0001        0.7174        0.0001        0.8515
    9        0.0001        0.6169        0.0001        0.5047        0.0001        0.9080        0.0001        0.9253        0.0001        0.8136        0.0001        0.6168        0.0001        0.6790        0.0001        0.5788        0.0375        0.7327        0.0112        0.5164        0.0001        0.4835        0.0001        0.7518        0.0001        0.7058        0.0001        0.5893        0.0001        0.4975        0.0001        0.3869        0.0001        0.8090        0.0001        0.6872        0.0754        0.6253
   10        0.0001        0.9980        0.0001        0.9980        0.0001        0.9980        0.0001        0.9980        0.0001        0.9980        0.0001        0.9980        0.0001        0.9980        0.0001        0.9980        0.0001        0.9980        0.0001        0.6174        0.0001        0.8806        0.0001        0.7947        0.0001        0.8196        0.0001        0.9980        0.0001        0.9980        0.0001        0.9980        0.0001        0.7347        0.0001        0.9980        0.0001        0.3980
   11        0.0001        0.7624        0.0001        0.5732        0.0001        0.4265        0.0001        0.9540        0.0001        0.6897        0.0001        0.9980        0.0001        0.9531        0.0001        0.6865        0.0001        0.6915        0.0001        0.6896        0.0001        0.6898        0.0001        0.8171        0.0001        0.7068        0.0001        0.8357        0.0001        0.7624        0.0001        0.6912        0.0001        0.8114        0.0001        0.6619        0.0001        0.7550
   12        0.0001        0.6906        0.0001        0.7093        0.0001        0.6896        0.0001        0.9980        0.0001        0.6890        0.0001        0.9980        0.0001        0.8357        0.0001        0.6915        0.0001        0.9980        0.0001        0.6159        0.0001        0.9980        0.0001        0.6168        0.0001        0.9980        0.0001        0.9980        0.0001        0.9980        0.0001        0.7616        0.0001        0.8072        0.0001        0.5021        0.0001        0.8315
   13        0.0001        0.7346        0.0001        0.9980        0.0001        0.9980        0.0001        0.4263        0.0001        0.9980        0.0001        0.9980        0.0001        0.9980        0.0001        0.9980        0.0001        0.9980        0.0001        0.6912        0.0001        0.8352        0.0001        0.6792        0.0001        0.9980        0.0001        0.8009        0.0001        0.9980        0.0001        0.9980        0.0001        0.6618        0.0001        0.6937        0.0001        0.5284
   14        0.0001        0.6939        0.0002        0.4991        0.0001        0.5112        0.0001        0.6105        0.0001        0.4991        0.0001        0.8358        0.0001        0.6881        0.0001        0.9383        0.0001        0.4260        0.0001        0.6876        0.0001        0.4729        0.0001        0.6894        0.0001        0.1866        0.1676        0.6708        0.0001        0.2054        0.0001        0.5007        0.0001        0.8087        0.0001        0.2110        0.0001        0.7058
   15        0.0001        0.9980        0.0001        0.9980        0.0001        0.9980        0.0001        0.9980        0.0001        0.9980        0.0001        0.9980        0.0001        0.9980        0.0001        0.9980        0.0001        0.9980        0.0001        0.9980        0.0001        0.9980        0.0001        0.9980        0.0001        0.9980        0.0001        0.9980        0.0001        0.9980        0.0001        0.9980        0.0001        0.9980        0.0001        0.9980        0.0001        0.9980
   16        0.0001        0.9980        0.0001        0.9980        0.0001        0.9980        0.0001        0.9980        0.0001        0.9980        0.0001        0.9980        0.0001        0.9980        0.0001        0.9980        0.0001        0.9980        0.0001        0.9980        0.0001        0.9980        0.0001        0.9980        0.0001        0.9980        0.0001        0.9980        0.0001        0.9980        0.0001        0.9980        0.0001        0.9980        0.0001        0.9980        0.0001        0.9980
   17        0.0001        0.9980        0.0001        0.9980        0.0001        0.9980        0.0001        0.9980        0.0001        0.9980        0.0001        0.9980        0.0001        0.9980        0.0001        0.9980        0.0001        0.9980        0.0001        0.5731        0.0001        0.9980        0.0001        0.9980        0.0001        0.9980        0.0001        0.9980        0.0001        0.9980        0.0001        0.9980        0.0001        0.8115        0.0001        0.9980        0.0001        0.9980
   18        0.0001        0.9980        0.0001        0.9980        0.0001        0.9980        0.0001        0.9980        0.0001        0.9980        0.0001        0.9980        0.0001        0.9980        0.0001        0.9980        0.0001        0.9980        0.0001        0.6728        0.0001        0.9980        0.0001        0.7043        0.0001        0.9980        0.0001        0.9980        0.0001        0.9980        0.0001        0.9980        0.0001        0.7609        0.0001        0.9980        0.0001        0.9980
   19        0.0001        0.6906        0.0001        0.6275        0.0001        0.5732        0.0001        0.6196        0.0001        0.8167        0.0001        0.6657        0.0001        0.7609        0.0001        0.5903        0.1104        0.8846        0.0001        0.7346        0.0001        0.6896        0.0001        0.2676        0.0001        0.8765        0.0001        0.5037        0.0001        0.6906        0.0001        0.6896        0.0001        0.1179        0.0001        0.5482        0.2047        0.6464
